#
# There is insufficient memory for the Java Runtime Environment to continue.
# Native memory allocation (mmap) failed to map 75497472 bytes. Error detail: G1 virtual space
# Possible reasons:
#   The system is out of physical RAM or swap space
#   This process is running with CompressedOops enabled, and the Java Heap may be blocking the growth of the native heap
# Possible solutions:
#   Reduce memory load on the system
#   Increase physical memory or swap space
#   Check if swap backing store is full
#   Decrease Java heap size (-Xmx/-Xms)
#   Decrease number of Java threads
#   Decrease Java thread stack sizes (-Xss)
#   Set larger code cache with -XX:ReservedCodeCacheSize=
#   JVM is running with Zero Based Compressed Oops mode in which the Java heap is
#     placed in the first 32GB address space. The Java Heap base address is the
#     maximum limit for the native heap growth. Please use -XX:HeapBaseMinAddress
#     to set the Java Heap base and to place the Java Heap above 32GB virtual address.
# This output file may be truncated or incomplete.
#
#  Out of Memory Error (os_windows.cpp:3717), pid=6808, tid=55912
#
# JRE version: OpenJDK Runtime Environment Microsoft-13877171 (21.0.11+10) (build 21.0.11+10-LTS)
# Java VM: OpenJDK 64-Bit Server VM Microsoft-13877171 (21.0.11+10-LTS, mixed mode, sharing, tiered, compressed oops, compressed class ptrs, g1 gc, windows-amd64)
# No core dump will be written. Minidumps are not enabled by default on client versions of Windows
#

---------------  S U M M A R Y ------------

Command Line: --module-path=C:\Users\bland\.m2\repository\org\openjfx\javafx-base\21\javafx-base-21-win.jar;C:\Users\bland\.m2\repository\org\openjfx\javafx-base\21\javafx-base-21.jar;C:\Users\bland\.m2\repository\org\openjfx\javafx-controls\21\javafx-controls-21-win.jar;C:\Users\bland\.m2\repository\org\openjfx\javafx-controls\21\javafx-controls-21.jar;C:\Users\bland\.m2\repository\org\openjfx\javafx-fxml\21\javafx-fxml-21-win.jar;C:\Users\bland\.m2\repository\org\openjfx\javafx-fxml\21\javafx-fxml-21.jar;C:\Users\bland\.m2\repository\org\openjfx\javafx-graphics\21\javafx-graphics-21-win.jar;C:\Users\bland\.m2\repository\org\openjfx\javafx-graphics\21\javafx-graphics-21.jar --add-modules=javafx.base,javafx.controls,javafx.fxml,javafx.graphics app.Main

Host: 12th Gen Intel(R) Core(TM) i5-1235U, 12 cores, 15G,  Windows 11 , 64 bit Build 26100 (10.0.26100.8328)
Time: Mon Jun  8 17:33:32 2026 elapsed time: 22.062052 seconds (0d 0h 0m 22s)

---------------  T H R E A D  ---------------

Current thread (0x000002342b4dd200):  VMThread "VM Thread"          [id=55912, stack(0x0000009862100000,0x0000009862200000) (1024K)]

Stack: [0x0000009862100000,0x0000009862200000]
Native frames: (J=compiled Java code, j=interpreted, Vv=VM code, C=native code)
V  [jvm.dll+0x6e0429]  (no source info available)
V  [jvm.dll+0x8c057b]  (no source info available)
V  [jvm.dll+0x8c2b0a]  (no source info available)
V  [jvm.dll+0x8c31e3]  (no source info available)
V  [jvm.dll+0x28ac66]  (no source info available)
V  [jvm.dll+0x6df8d5]  (no source info available)
V  [jvm.dll+0x6d36aa]  (no source info available)
V  [jvm.dll+0x367b8e]  (no source info available)
V  [jvm.dll+0x36fa5b]  (no source info available)
V  [jvm.dll+0x3c1539]  (no source info available)
V  [jvm.dll+0x3c17db]  (no source info available)
V  [jvm.dll+0x33b447]  (no source info available)
V  [jvm.dll+0x33b4d7]  (no source info available)
V  [jvm.dll+0x3802cc]  (no source info available)
V  [jvm.dll+0x37eaae]  (no source info available)
V  [jvm.dll+0x33aba1]  (no source info available)
V  [jvm.dll+0x37e4d8]  (no source info available)
V  [jvm.dll+0x8c8f4f]  (no source info available)
V  [jvm.dll+0x8ca433]  (no source info available)
V  [jvm.dll+0x8ca9a4]  (no source info available)
V  [jvm.dll+0x8caaa3]  (no source info available)
V  [jvm.dll+0x86b2bd]  (no source info available)
V  [jvm.dll+0x6e19dd]  (no source info available)
C  [ucrtbase.dll+0x37b0]  (no source info available)
C  [KERNEL32.DLL+0x2e957]  (no source info available)
C  [ntdll.dll+0x427c]  (no source info available)

VM_Operation (0x0000009862cfbc40): G1TryInitiateConcMark, mode: safepoint, requested by thread 0x0000023471748640


---------------  P R O C E S S  ---------------

Threads class SMR info:
_java_thread_list=0x0000023400fcec10, length=23, elements={
0x000002340bd4ff90, 0x000002342b4fcd60, 0x000002342b4fd7c0, 0x000002342b503380,
0x000002342b5042a0, 0x000002342b505190, 0x000002342b505d20, 0x000002342b51caa0,
0x000002342b521c20, 0x000002342b684520, 0x000002342b8d4050, 0x0000023471111430,
0x0000023471764a40, 0x0000023471748640, 0x0000023477fd6130, 0x00000234780786d0,
0x00000234781ec680, 0x00000234786a62b0, 0x0000023400079cd0, 0x000002340007a360,
0x0000023400078fb0, 0x0000023400076ee0, 0x0000023400077570
}

Java Threads: ( => current thread )
  0x000002340bd4ff90 JavaThread "main"                              [_thread_blocked, id=6348, stack(0x0000009861a00000,0x0000009861b00000) (1024K)]
  0x000002342b4fcd60 JavaThread "Reference Handler"          daemon [_thread_blocked, id=14340, stack(0x0000009862200000,0x0000009862300000) (1024K)]
  0x000002342b4fd7c0 JavaThread "Finalizer"                  daemon [_thread_blocked, id=58196, stack(0x0000009862300000,0x0000009862400000) (1024K)]
  0x000002342b503380 JavaThread "Signal Dispatcher"          daemon [_thread_blocked, id=56928, stack(0x0000009862400000,0x0000009862500000) (1024K)]
  0x000002342b5042a0 JavaThread "Attach Listener"            daemon [_thread_blocked, id=33404, stack(0x0000009862500000,0x0000009862600000) (1024K)]
  0x000002342b505190 JavaThread "Service Thread"             daemon [_thread_blocked, id=54712, stack(0x0000009862600000,0x0000009862700000) (1024K)]
  0x000002342b505d20 JavaThread "Monitor Deflation Thread"   daemon [_thread_blocked, id=37668, stack(0x0000009862700000,0x0000009862800000) (1024K)]
  0x000002342b51caa0 JavaThread "C2 CompilerThread0"         daemon [_thread_blocked, id=44420, stack(0x0000009862800000,0x0000009862900000) (1024K)]
  0x000002342b521c20 JavaThread "C1 CompilerThread0"         daemon [_thread_blocked, id=43940, stack(0x0000009862900000,0x0000009862a00000) (1024K)]
  0x000002342b684520 JavaThread "Common-Cleaner"             daemon [_thread_blocked, id=59720, stack(0x0000009862a00000,0x0000009862b00000) (1024K)]
  0x000002342b8d4050 JavaThread "Notification Thread"        daemon [_thread_blocked, id=21496, stack(0x0000009862d00000,0x0000009862e00000) (1024K)]
  0x0000023471111430 JavaThread "QuantumRenderer-0"          daemon [_thread_blocked, id=42048, stack(0x0000009862e00000,0x0000009862f00000) (1024K)]
  0x0000023471764a40 JavaThread "InvokeLaterDispatcher"      daemon [_thread_blocked, id=54232, stack(0x0000009862b00000,0x0000009862c00000) (1024K)]
  0x0000023471748640 JavaThread "JavaFX Application Thread"         [_thread_blocked, id=42272, stack(0x0000009862c00000,0x0000009862d00000) (1024K)]
  0x0000023477fd6130 JavaThread "JavaFX-Launcher"                   [_thread_blocked, id=26668, stack(0x0000009863500000,0x0000009863600000) (1024K)]
  0x00000234780786d0 JavaThread "Thread-2"                   daemon [_thread_blocked, id=68292, stack(0x0000009863400000,0x0000009863500000) (1024K)]
  0x00000234781ec680 JavaThread "Prism Font Disposer"        daemon [_thread_blocked, id=3660, stack(0x0000009863f00000,0x0000009864000000) (1024K)]
  0x00000234786a62b0 JavaThread "Cleaner-0"                  daemon [_thread_blocked, id=67692, stack(0x0000009864300000,0x0000009864400000) (1024K)]
  0x0000023400079cd0 JavaThread "Timer-52"                          [_thread_blocked, id=19556, stack(0x0000009865000000,0x0000009865100000) (1024K)]
  0x000002340007a360 JavaThread "Timer-53"                          [_thread_blocked, id=31980, stack(0x0000009865100000,0x0000009865200000) (1024K)]
  0x0000023400078fb0 JavaThread "Timer-54"                          [_thread_blocked, id=45452, stack(0x0000009864800000,0x0000009864900000) (1024K)]
  0x0000023400076ee0 JavaThread "Timer-55"                          [_thread_blocked, id=59660, stack(0x0000009864900000,0x0000009864a00000) (1024K)]
  0x0000023400077570 JavaThread "Timer-56"                          [_thread_blocked, id=20636, stack(0x0000009864a00000,0x0000009864b00000) (1024K)]
Total: 23

Other Threads:
=>0x000002342b4dd200 VMThread "VM Thread"                           [id=55912, stack(0x0000009862100000,0x0000009862200000) (1024K)]
  0x000002342b4c8d00 WatcherThread "VM Periodic Task Thread"        [id=66964, stack(0x0000009862000000,0x0000009862100000) (1024K)]
  0x000002340bdb6380 WorkerThread "GC Thread#0"                     [id=62408, stack(0x0000009861b00000,0x0000009861c00000) (1024K)]
  0x0000023478077d50 WorkerThread "GC Thread#1"                     [id=51628, stack(0x0000009863600000,0x0000009863700000) (1024K)]
  0x0000023478078100 WorkerThread "GC Thread#2"                     [id=37432, stack(0x0000009863700000,0x0000009863800000) (1024K)]
  0x0000023477fe9420 WorkerThread "GC Thread#3"                     [id=48008, stack(0x0000009863800000,0x0000009863900000) (1024K)]
  0x0000023477fe9820 WorkerThread "GC Thread#4"                     [id=26388, stack(0x0000009863900000,0x0000009863a00000) (1024K)]
  0x0000023477fe9f80 WorkerThread "GC Thread#5"                     [id=17856, stack(0x0000009863a00000,0x0000009863b00000) (1024K)]
  0x0000023477fea330 WorkerThread "GC Thread#6"                     [id=22820, stack(0x0000009864400000,0x0000009864500000) (1024K)]
  0x0000023477feaa90 WorkerThread "GC Thread#7"                     [id=46076, stack(0x0000009864500000,0x0000009864600000) (1024K)]
  0x0000023477feae40 WorkerThread "GC Thread#8"                     [id=54568, stack(0x0000009864600000,0x0000009864700000) (1024K)]
  0x0000023477feb1f0 WorkerThread "GC Thread#9"                     [id=9708, stack(0x0000009864700000,0x0000009864800000) (1024K)]
  0x000002340bdc6e40 ConcurrentGCThread "G1 Main Marker"            [id=65904, stack(0x0000009861c00000,0x0000009861d00000) (1024K)]
  0x000002340bdc88a0 WorkerThread "G1 Conc#0"                       [id=28808, stack(0x0000009861d00000,0x0000009861e00000) (1024K)]
  0x0000023478b4cd70 WorkerThread "G1 Conc#1"                       [id=43448, stack(0x0000009864e00000,0x0000009864f00000) (1024K)]
  0x0000023478b4c260 WorkerThread "G1 Conc#2"                       [id=41288, stack(0x0000009864f00000,0x0000009865000000) (1024K)]
  0x000002340be0e980 ConcurrentGCThread "G1 Refine#0"               [id=8820, stack(0x0000009861e00000,0x0000009861f00000) (1024K)]
  0x000002342b3905d0 ConcurrentGCThread "G1 Service"                [id=40420, stack(0x0000009861f00000,0x0000009862000000) (1024K)]
Total: 18

Threads with active compile tasks:
Total: 0

VM state: at safepoint (normal execution)

VM Mutex/Monitor currently owned by a thread:  ([mutex/lock_event])
[0x00007ff99931b8b0] Threads_lock - owner thread: 0x000002342b4dd200
[0x00007ff99931b9b0] Heap_lock - owner thread: 0x0000023471748640

Heap address: 0x0000000705200000, size: 4014 MB, Compressed Oops mode: Zero based, Oop shift amount: 3

CDS archive(s) mapped at: [0x000002342c000000-0x000002342cc80000-0x000002342cc80000), size 13107200, SharedBaseAddress: 0x000002342c000000, ArchiveRelocationMode: 1.
Compressed class space mapped at: 0x000002342d000000-0x000002346d000000, reserved size: 1073741824
Narrow klass base: 0x000002342c000000, Narrow klass shift: 0, Narrow klass range: 0x100000000

GC Precious Log:
 CardTable entry size: 512
 Card Set container configuration: InlinePtr #cards 4 size 8 Array Of Cards #cards 16 size 48 Howl #buckets 8 coarsen threshold 3686 Howl Bitmap #cards 512 size 80 coarsen threshold 460 Card regions per heap region 1 cards per card region 4096
 CPUs: 12 total, 12 available
 Memory: 16052M
 Large Page Support: Disabled
 NUMA Support: Disabled
 Compressed Oops: Enabled (Zero based)
 Heap Region Size: 2M
 Heap Min Capacity: 8M
 Heap Initial Capacity: 252M
 Heap Max Capacity: 4014M
 Pre-touch: Disabled
 Parallel Workers: 10
 Concurrent Workers: 3
 Concurrent Refinement Workers: 10
 Periodic GC: Disabled

Heap:
 garbage-first heap   total 364544K, used 98933K [0x0000000705200000, 0x0000000800000000)
  region size 2048K, 1 young (2048K), 1 survivors (2048K)
 Metaspace       used 16904K, committed 17344K, reserved 1114112K
  class space    used 2343K, committed 2560K, reserved 1048576K

Heap Regions: E=young(eden), S=young(survivor), O=old, HS=humongous(starts), HC=humongous(continues), CS=collection set, F=free, TAMS=top-at-mark-start, PB=parsable bottom
|   0|0x0000000705200000, 0x0000000705400000, 0x0000000705400000|100%|HS|  |TAMS 0x0000000705400000| PB 0x0000000705200000| Complete 
|   1|0x0000000705400000, 0x0000000705600000, 0x0000000705600000|100%| O|  |TAMS 0x0000000705600000| PB 0x0000000705400000| Untracked 
|   2|0x0000000705600000, 0x0000000705800000, 0x0000000705800000|100%|HS|  |TAMS 0x0000000705800000| PB 0x0000000705600000| Complete 
|   3|0x0000000705800000, 0x0000000705a00000, 0x0000000705a00000|100%|HS|  |TAMS 0x0000000705a00000| PB 0x0000000705800000| Complete 
|   4|0x0000000705a00000, 0x0000000705a00000, 0x0000000705c00000|  0%| F|  |TAMS 0x0000000705a00000| PB 0x0000000705a00000| Untracked 
|   5|0x0000000705c00000, 0x0000000705c00000, 0x0000000705e00000|  0%| F|  |TAMS 0x0000000705c00000| PB 0x0000000705c00000| Untracked 
|   6|0x0000000705e00000, 0x0000000705e00000, 0x0000000706000000|  0%| F|  |TAMS 0x0000000705e00000| PB 0x0000000705e00000| Untracked 
|   7|0x0000000706000000, 0x0000000706000000, 0x0000000706200000|  0%| F|  |TAMS 0x0000000706000000| PB 0x0000000706000000| Untracked 
|   8|0x0000000706200000, 0x0000000706200000, 0x0000000706400000|  0%| F|  |TAMS 0x0000000706200000| PB 0x0000000706200000| Untracked 
|   9|0x0000000706400000, 0x0000000706400000, 0x0000000706600000|  0%| F|  |TAMS 0x0000000706400000| PB 0x0000000706400000| Untracked 
|  10|0x0000000706600000, 0x0000000706800000, 0x0000000706800000|100%|HS|  |TAMS 0x0000000706800000| PB 0x0000000706600000| Complete 
|  11|0x0000000706800000, 0x0000000706a00000, 0x0000000706a00000|100%|HS|  |TAMS 0x0000000706a00000| PB 0x0000000706800000| Complete 
|  12|0x0000000706a00000, 0x0000000706c00000, 0x0000000706c00000|100%|HS|  |TAMS 0x0000000706c00000| PB 0x0000000706a00000| Complete 
|  13|0x0000000706c00000, 0x0000000706e00000, 0x0000000706e00000|100%|HS|  |TAMS 0x0000000706e00000| PB 0x0000000706c00000| Complete 
|  14|0x0000000706e00000, 0x0000000707000000, 0x0000000707000000|100%|HS|  |TAMS 0x0000000707000000| PB 0x0000000706e00000| Complete 
|  15|0x0000000707000000, 0x0000000707200000, 0x0000000707200000|100%|HS|  |TAMS 0x0000000707200000| PB 0x0000000707000000| Complete 
|  16|0x0000000707200000, 0x0000000707200000, 0x0000000707400000|  0%| F|  |TAMS 0x0000000707200000| PB 0x0000000707200000| Untracked 
|  17|0x0000000707400000, 0x0000000707600000, 0x0000000707600000|100%|HS|  |TAMS 0x0000000707600000| PB 0x0000000707400000| Complete 
|  18|0x0000000707600000, 0x0000000707600000, 0x0000000707800000|  0%| F|  |TAMS 0x0000000707600000| PB 0x0000000707600000| Untracked 
|  19|0x0000000707800000, 0x0000000707800000, 0x0000000707a00000|  0%| F|  |TAMS 0x0000000707800000| PB 0x0000000707800000| Untracked 
|  20|0x0000000707a00000, 0x0000000707c00000, 0x0000000707c00000|100%|HS|  |TAMS 0x0000000707c00000| PB 0x0000000707a00000| Complete 
|  21|0x0000000707c00000, 0x0000000707e00000, 0x0000000707e00000|100%|HS|  |TAMS 0x0000000707e00000| PB 0x0000000707c00000| Complete 
|  22|0x0000000707e00000, 0x0000000708000000, 0x0000000708000000|100%|HS|  |TAMS 0x0000000708000000| PB 0x0000000707e00000| Complete 
|  23|0x0000000708000000, 0x0000000708200000, 0x0000000708200000|100%|HS|  |TAMS 0x0000000708200000| PB 0x0000000708000000| Complete 
|  24|0x0000000708200000, 0x0000000708200000, 0x0000000708400000|  0%| F|  |TAMS 0x0000000708200000| PB 0x0000000708200000| Untracked 
|  25|0x0000000708400000, 0x0000000708400000, 0x0000000708600000|  0%| F|  |TAMS 0x0000000708400000| PB 0x0000000708400000| Untracked 
|  26|0x0000000708600000, 0x0000000708600000, 0x0000000708800000|  0%| F|  |TAMS 0x0000000708600000| PB 0x0000000708600000| Untracked 
|  27|0x0000000708800000, 0x0000000708800000, 0x0000000708a00000|  0%| F|  |TAMS 0x0000000708800000| PB 0x0000000708800000| Untracked 
|  28|0x0000000708a00000, 0x0000000708a00000, 0x0000000708c00000|  0%| F|  |TAMS 0x0000000708a00000| PB 0x0000000708a00000| Untracked 
|  29|0x0000000708c00000, 0x0000000708c00000, 0x0000000708e00000|  0%| F|  |TAMS 0x0000000708c00000| PB 0x0000000708c00000| Untracked 
|  30|0x0000000708e00000, 0x0000000708e00000, 0x0000000709000000|  0%| F|  |TAMS 0x0000000708e00000| PB 0x0000000708e00000| Untracked 
|  31|0x0000000709000000, 0x0000000709000000, 0x0000000709200000|  0%| F|  |TAMS 0x0000000709000000| PB 0x0000000709000000| Untracked 
|  32|0x0000000709200000, 0x0000000709200000, 0x0000000709400000|  0%| F|  |TAMS 0x0000000709200000| PB 0x0000000709200000| Untracked 
|  33|0x0000000709400000, 0x0000000709400000, 0x0000000709600000|  0%| F|  |TAMS 0x0000000709400000| PB 0x0000000709400000| Untracked 
|  34|0x0000000709600000, 0x0000000709600000, 0x0000000709800000|  0%| F|  |TAMS 0x0000000709600000| PB 0x0000000709600000| Untracked 
|  35|0x0000000709800000, 0x0000000709800000, 0x0000000709a00000|  0%| F|  |TAMS 0x0000000709800000| PB 0x0000000709800000| Untracked 
|  36|0x0000000709a00000, 0x0000000709a00000, 0x0000000709c00000|  0%| F|  |TAMS 0x0000000709a00000| PB 0x0000000709a00000| Untracked 
|  37|0x0000000709c00000, 0x0000000709e00000, 0x0000000709e00000|100%|HS|  |TAMS 0x0000000709e00000| PB 0x0000000709c00000| Complete 
|  38|0x0000000709e00000, 0x000000070a000000, 0x000000070a000000|100%| O|  |TAMS 0x000000070a000000| PB 0x0000000709e00000| Untracked 
|  39|0x000000070a000000, 0x000000070a000000, 0x000000070a200000|  0%| F|  |TAMS 0x000000070a000000| PB 0x000000070a000000| Untracked 
|  40|0x000000070a200000, 0x000000070a200000, 0x000000070a400000|  0%| F|  |TAMS 0x000000070a200000| PB 0x000000070a200000| Untracked 
|  41|0x000000070a400000, 0x000000070a600000, 0x000000070a600000|100%|HS|  |TAMS 0x000000070a600000| PB 0x000000070a400000| Complete 
|  42|0x000000070a600000, 0x000000070a800000, 0x000000070a800000|100%|HS|  |TAMS 0x000000070a800000| PB 0x000000070a600000| Complete 
|  43|0x000000070a800000, 0x000000070aa00000, 0x000000070aa00000|100%| O|  |TAMS 0x000000070aa00000| PB 0x000000070a800000| Untracked 
|  44|0x000000070aa00000, 0x000000070aa00000, 0x000000070ac00000|  0%| F|  |TAMS 0x000000070aa00000| PB 0x000000070aa00000| Untracked 
|  45|0x000000070ac00000, 0x000000070ae00000, 0x000000070ae00000|100%| O|  |TAMS 0x000000070ae00000| PB 0x000000070ac00000| Untracked 
|  46|0x000000070ae00000, 0x000000070ae00000, 0x000000070b000000|  0%| F|  |TAMS 0x000000070ae00000| PB 0x000000070ae00000| Untracked 
|  47|0x000000070b000000, 0x000000070b000000, 0x000000070b200000|  0%| F|  |TAMS 0x000000070b000000| PB 0x000000070b000000| Untracked 
|  48|0x000000070b200000, 0x000000070b400000, 0x000000070b400000|100%|HS|  |TAMS 0x000000070b400000| PB 0x000000070b200000| Complete 
|  49|0x000000070b400000, 0x000000070b600000, 0x000000070b600000|100%|HC|  |TAMS 0x000000070b600000| PB 0x000000070b400000| Complete 
|  50|0x000000070b600000, 0x000000070b800000, 0x000000070b800000|100%|HS|  |TAMS 0x000000070b800000| PB 0x000000070b600000| Complete 
|  51|0x000000070b800000, 0x000000070ba00000, 0x000000070ba00000|100%|HS|  |TAMS 0x000000070ba00000| PB 0x000000070b800000| Complete 
|  52|0x000000070ba00000, 0x000000070bc00000, 0x000000070bc00000|100%|HC|  |TAMS 0x000000070bc00000| PB 0x000000070ba00000| Complete 
|  53|0x000000070bc00000, 0x000000070be00000, 0x000000070be00000|100%|HS|  |TAMS 0x000000070be00000| PB 0x000000070bc00000| Complete 
|  54|0x000000070be00000, 0x000000070c000000, 0x000000070c000000|100%|HC|  |TAMS 0x000000070c000000| PB 0x000000070be00000| Complete 
|  55|0x000000070c000000, 0x000000070c200000, 0x000000070c200000|100%|HS|  |TAMS 0x000000070c200000| PB 0x000000070c000000| Complete 
|  56|0x000000070c200000, 0x000000070c400000, 0x000000070c400000|100%|HC|  |TAMS 0x000000070c400000| PB 0x000000070c200000| Complete 
|  57|0x000000070c400000, 0x000000070c600000, 0x000000070c600000|100%|HS|  |TAMS 0x000000070c600000| PB 0x000000070c400000| Complete 
|  58|0x000000070c600000, 0x000000070c800000, 0x000000070c800000|100%|HC|  |TAMS 0x000000070c800000| PB 0x000000070c600000| Complete 
|  59|0x000000070c800000, 0x000000070c800000, 0x000000070ca00000|  0%| F|  |TAMS 0x000000070c800000| PB 0x000000070c800000| Untracked 
|  60|0x000000070ca00000, 0x000000070ca00000, 0x000000070cc00000|  0%| F|  |TAMS 0x000000070ca00000| PB 0x000000070ca00000| Untracked 
|  61|0x000000070cc00000, 0x000000070ce00000, 0x000000070ce00000|100%|HS|  |TAMS 0x000000070ce00000| PB 0x000000070cc00000| Complete 
|  62|0x000000070ce00000, 0x000000070d000000, 0x000000070d000000|100%|HS|  |TAMS 0x000000070d000000| PB 0x000000070ce00000| Complete 
|  63|0x000000070d000000, 0x000000070d200000, 0x000000070d200000|100%|HS|  |TAMS 0x000000070d200000| PB 0x000000070d000000| Complete 
|  64|0x000000070d200000, 0x000000070d400000, 0x000000070d400000|100%|HS|  |TAMS 0x000000070d400000| PB 0x000000070d200000| Complete 
|  65|0x000000070d400000, 0x000000070d600000, 0x000000070d600000|100%|HS|  |TAMS 0x000000070d600000| PB 0x000000070d400000| Complete 
|  66|0x000000070d600000, 0x000000070d600000, 0x000000070d800000|  0%| F|  |TAMS 0x000000070d600000| PB 0x000000070d600000| Untracked 
|  67|0x000000070d800000, 0x000000070da00000, 0x000000070da00000|100%|HS|  |TAMS 0x000000070da00000| PB 0x000000070d800000| Complete 
|  68|0x000000070da00000, 0x000000070dc00000, 0x000000070dc00000|100%|HC|  |TAMS 0x000000070dc00000| PB 0x000000070da00000| Complete 
|  69|0x000000070dc00000, 0x000000070dc00000, 0x000000070de00000|  0%| F|  |TAMS 0x000000070dc00000| PB 0x000000070dc00000| Untracked 
|  70|0x000000070de00000, 0x000000070de00000, 0x000000070e000000|  0%| F|  |TAMS 0x000000070de00000| PB 0x000000070de00000| Untracked 
|  71|0x000000070e000000, 0x000000070e200000, 0x000000070e200000|100%|HS|  |TAMS 0x000000070e200000| PB 0x000000070e000000| Complete 
|  72|0x000000070e200000, 0x000000070e400000, 0x000000070e400000|100%|HS|  |TAMS 0x000000070e400000| PB 0x000000070e200000| Complete 
|  73|0x000000070e400000, 0x000000070e600000, 0x000000070e600000|100%|HS|  |TAMS 0x000000070e600000| PB 0x000000070e400000| Complete 
|  74|0x000000070e600000, 0x000000070e800000, 0x000000070e800000|100%| O|  |TAMS 0x000000070e800000| PB 0x000000070e600000| Untracked 
|  75|0x000000070e800000, 0x000000070ea00000, 0x000000070ea00000|100%| O|  |TAMS 0x000000070ea00000| PB 0x000000070e800000| Untracked 
|  76|0x000000070ea00000, 0x000000070ea6e8a8, 0x000000070ec00000| 21%| O|  |TAMS 0x000000070ea20400| PB 0x000000070ea00000| Untracked 
|  77|0x000000070ec00000, 0x000000070ee00000, 0x000000070ee00000|100%|HS|  |TAMS 0x000000070ee00000| PB 0x000000070ec00000| Complete 
|  78|0x000000070ee00000, 0x000000070f000000, 0x000000070f000000|100%|HC|  |TAMS 0x000000070f000000| PB 0x000000070ee00000| Complete 
|  79|0x000000070f000000, 0x000000070f200000, 0x000000070f200000|100%|HS|  |TAMS 0x000000070f200000| PB 0x000000070f000000| Complete 
|  80|0x000000070f200000, 0x000000070f400000, 0x000000070f400000|100%|HC|  |TAMS 0x000000070f400000| PB 0x000000070f200000| Complete 
|  81|0x000000070f400000, 0x000000070f400000, 0x000000070f600000|  0%| F|  |TAMS 0x000000070f400000| PB 0x000000070f400000| Untracked 
|  82|0x000000070f600000, 0x000000070f600000, 0x000000070f800000|  0%| F|  |TAMS 0x000000070f600000| PB 0x000000070f600000| Untracked 
|  83|0x000000070f800000, 0x000000070f800000, 0x000000070fa00000|  0%| F|  |TAMS 0x000000070f800000| PB 0x000000070f800000| Untracked 
|  84|0x000000070fa00000, 0x000000070fa00000, 0x000000070fc00000|  0%| F|  |TAMS 0x000000070fa00000| PB 0x000000070fa00000| Untracked 
|  85|0x000000070fc00000, 0x000000070fc00000, 0x000000070fe00000|  0%| F|  |TAMS 0x000000070fc00000| PB 0x000000070fc00000| Untracked 
|  86|0x000000070fe00000, 0x000000070fe00000, 0x0000000710000000|  0%| F|  |TAMS 0x000000070fe00000| PB 0x000000070fe00000| Untracked 
|  87|0x0000000710000000, 0x0000000710000000, 0x0000000710200000|  0%| F|  |TAMS 0x0000000710000000| PB 0x0000000710000000| Untracked 
|  88|0x0000000710200000, 0x0000000710200000, 0x0000000710400000|  0%| F|  |TAMS 0x0000000710200000| PB 0x0000000710200000| Untracked 
|  89|0x0000000710400000, 0x0000000710400000, 0x0000000710600000|  0%| F|  |TAMS 0x0000000710400000| PB 0x0000000710400000| Untracked 
|  90|0x0000000710600000, 0x0000000710600000, 0x0000000710800000|  0%| F|  |TAMS 0x0000000710600000| PB 0x0000000710600000| Untracked 
|  91|0x0000000710800000, 0x0000000710800000, 0x0000000710a00000|  0%| F|  |TAMS 0x0000000710800000| PB 0x0000000710800000| Untracked 
|  92|0x0000000710a00000, 0x0000000710a00000, 0x0000000710c00000|  0%| F|  |TAMS 0x0000000710a00000| PB 0x0000000710a00000| Untracked 
|  93|0x0000000710c00000, 0x0000000710c00000, 0x0000000710e00000|  0%| F|  |TAMS 0x0000000710c00000| PB 0x0000000710c00000| Untracked 
|  94|0x0000000710e00000, 0x0000000710e00000, 0x0000000711000000|  0%| F|  |TAMS 0x0000000710e00000| PB 0x0000000710e00000| Untracked 
|  95|0x0000000711000000, 0x0000000711000000, 0x0000000711200000|  0%| F|  |TAMS 0x0000000711000000| PB 0x0000000711000000| Untracked 
|  96|0x0000000711200000, 0x0000000711200000, 0x0000000711400000|  0%| F|  |TAMS 0x0000000711200000| PB 0x0000000711200000| Untracked 
|  97|0x0000000711400000, 0x0000000711400000, 0x0000000711600000|  0%| F|  |TAMS 0x0000000711400000| PB 0x0000000711400000| Untracked 
|  98|0x0000000711600000, 0x0000000711600000, 0x0000000711800000|  0%| F|  |TAMS 0x0000000711600000| PB 0x0000000711600000| Untracked 
|  99|0x0000000711800000, 0x0000000711800000, 0x0000000711a00000|  0%| F|  |TAMS 0x0000000711800000| PB 0x0000000711800000| Untracked 
| 100|0x0000000711a00000, 0x0000000711a00000, 0x0000000711c00000|  0%| F|  |TAMS 0x0000000711a00000| PB 0x0000000711a00000| Untracked 
| 101|0x0000000711c00000, 0x0000000711c00000, 0x0000000711e00000|  0%| F|  |TAMS 0x0000000711c00000| PB 0x0000000711c00000| Untracked 
| 102|0x0000000711e00000, 0x0000000711e00000, 0x0000000712000000|  0%| F|  |TAMS 0x0000000711e00000| PB 0x0000000711e00000| Untracked 
| 103|0x0000000712000000, 0x0000000712000000, 0x0000000712200000|  0%| F|  |TAMS 0x0000000712000000| PB 0x0000000712000000| Untracked 
| 104|0x0000000712200000, 0x0000000712200000, 0x0000000712400000|  0%| F|  |TAMS 0x0000000712200000| PB 0x0000000712200000| Untracked 
| 105|0x0000000712400000, 0x0000000712400000, 0x0000000712600000|  0%| F|  |TAMS 0x0000000712400000| PB 0x0000000712400000| Untracked 
| 106|0x0000000712600000, 0x0000000712600000, 0x0000000712800000|  0%| F|  |TAMS 0x0000000712600000| PB 0x0000000712600000| Untracked 
| 107|0x0000000712800000, 0x0000000712800000, 0x0000000712a00000|  0%| F|  |TAMS 0x0000000712800000| PB 0x0000000712800000| Untracked 
| 108|0x0000000712a00000, 0x0000000712a00000, 0x0000000712c00000|  0%| F|  |TAMS 0x0000000712a00000| PB 0x0000000712a00000| Untracked 
| 109|0x0000000712c00000, 0x0000000712c00000, 0x0000000712e00000|  0%| F|  |TAMS 0x0000000712c00000| PB 0x0000000712c00000| Untracked 
| 110|0x0000000712e00000, 0x0000000712e00000, 0x0000000713000000|  0%| F|  |TAMS 0x0000000712e00000| PB 0x0000000712e00000| Untracked 
| 111|0x0000000713000000, 0x0000000713000000, 0x0000000713200000|  0%| F|  |TAMS 0x0000000713000000| PB 0x0000000713000000| Untracked 
| 112|0x0000000713200000, 0x0000000713200000, 0x0000000713400000|  0%| F|  |TAMS 0x0000000713200000| PB 0x0000000713200000| Untracked 
| 113|0x0000000713400000, 0x0000000713400000, 0x0000000713600000|  0%| F|  |TAMS 0x0000000713400000| PB 0x0000000713400000| Untracked 
| 114|0x0000000713600000, 0x0000000713600000, 0x0000000713800000|  0%| F|  |TAMS 0x0000000713600000| PB 0x0000000713600000| Untracked 
| 115|0x0000000713800000, 0x0000000713800000, 0x0000000713a00000|  0%| F|  |TAMS 0x0000000713800000| PB 0x0000000713800000| Untracked 
| 116|0x0000000713a00000, 0x0000000713a00000, 0x0000000713c00000|  0%| F|  |TAMS 0x0000000713a00000| PB 0x0000000713a00000| Untracked 
| 117|0x0000000713c00000, 0x0000000713c00000, 0x0000000713e00000|  0%| F|  |TAMS 0x0000000713c00000| PB 0x0000000713c00000| Untracked 
| 118|0x0000000713e00000, 0x0000000713e00000, 0x0000000714000000|  0%| F|  |TAMS 0x0000000713e00000| PB 0x0000000713e00000| Untracked 
| 119|0x0000000714000000, 0x0000000714000000, 0x0000000714200000|  0%| F|  |TAMS 0x0000000714000000| PB 0x0000000714000000| Untracked 
| 120|0x0000000714200000, 0x0000000714200000, 0x0000000714400000|  0%| F|  |TAMS 0x0000000714200000| PB 0x0000000714200000| Untracked 
| 121|0x0000000714400000, 0x0000000714400000, 0x0000000714600000|  0%| F|  |TAMS 0x0000000714400000| PB 0x0000000714400000| Untracked 
| 122|0x0000000714600000, 0x0000000714600000, 0x0000000714800000|  0%| F|  |TAMS 0x0000000714600000| PB 0x0000000714600000| Untracked 
| 123|0x0000000714800000, 0x0000000714800000, 0x0000000714a00000|  0%| F|  |TAMS 0x0000000714800000| PB 0x0000000714800000| Untracked 
| 124|0x0000000714a00000, 0x0000000714a00000, 0x0000000714c00000|  0%| F|  |TAMS 0x0000000714a00000| PB 0x0000000714a00000| Untracked 
| 125|0x0000000714c00000, 0x0000000714c00000, 0x0000000714e00000|  0%| F|  |TAMS 0x0000000714c00000| PB 0x0000000714c00000| Untracked 
| 126|0x0000000714e00000, 0x0000000714e00000, 0x0000000715000000|  0%| F|  |TAMS 0x0000000714e00000| PB 0x0000000714e00000| Untracked 
| 127|0x0000000715000000, 0x0000000715000000, 0x0000000715200000|  0%| F|  |TAMS 0x0000000715000000| PB 0x0000000715000000| Untracked 
| 128|0x0000000715200000, 0x0000000715200000, 0x0000000715400000|  0%| F|  |TAMS 0x0000000715200000| PB 0x0000000715200000| Untracked 
| 129|0x0000000715400000, 0x0000000715400000, 0x0000000715600000|  0%| F|  |TAMS 0x0000000715400000| PB 0x0000000715400000| Untracked 
| 130|0x0000000715600000, 0x0000000715600000, 0x0000000715800000|  0%| F|  |TAMS 0x0000000715600000| PB 0x0000000715600000| Untracked 
| 131|0x0000000715800000, 0x0000000715800000, 0x0000000715a00000|  0%| F|  |TAMS 0x0000000715800000| PB 0x0000000715800000| Untracked 
| 132|0x0000000715a00000, 0x0000000715a00000, 0x0000000715c00000|  0%| F|  |TAMS 0x0000000715a00000| PB 0x0000000715a00000| Untracked 
| 133|0x0000000715c00000, 0x0000000715c00000, 0x0000000715e00000|  0%| F|  |TAMS 0x0000000715c00000| PB 0x0000000715c00000| Untracked 
| 134|0x0000000715e00000, 0x0000000715e00000, 0x0000000716000000|  0%| F|  |TAMS 0x0000000715e00000| PB 0x0000000715e00000| Untracked 
| 135|0x0000000716000000, 0x0000000716000000, 0x0000000716200000|  0%| F|  |TAMS 0x0000000716000000| PB 0x0000000716000000| Untracked 
| 136|0x0000000716200000, 0x0000000716200000, 0x0000000716400000|  0%| F|  |TAMS 0x0000000716200000| PB 0x0000000716200000| Untracked 
| 137|0x0000000716400000, 0x0000000716400000, 0x0000000716600000|  0%| F|  |TAMS 0x0000000716400000| PB 0x0000000716400000| Untracked 
| 138|0x0000000716600000, 0x0000000716600000, 0x0000000716800000|  0%| F|  |TAMS 0x0000000716600000| PB 0x0000000716600000| Untracked 
| 139|0x0000000716800000, 0x0000000716800000, 0x0000000716a00000|  0%| F|  |TAMS 0x0000000716800000| PB 0x0000000716800000| Untracked 
| 140|0x0000000716a00000, 0x0000000716a00000, 0x0000000716c00000|  0%| F|  |TAMS 0x0000000716a00000| PB 0x0000000716a00000| Untracked 
| 141|0x0000000716c00000, 0x0000000716c00000, 0x0000000716e00000|  0%| F|  |TAMS 0x0000000716c00000| PB 0x0000000716c00000| Untracked 
| 142|0x0000000716e00000, 0x0000000716e00000, 0x0000000717000000|  0%| F|  |TAMS 0x0000000716e00000| PB 0x0000000716e00000| Untracked 
| 143|0x0000000717000000, 0x0000000717000000, 0x0000000717200000|  0%| F|  |TAMS 0x0000000717000000| PB 0x0000000717000000| Untracked 
| 144|0x0000000717200000, 0x0000000717200000, 0x0000000717400000|  0%| F|  |TAMS 0x0000000717200000| PB 0x0000000717200000| Untracked 
| 145|0x0000000717400000, 0x0000000717400000, 0x0000000717600000|  0%| F|  |TAMS 0x0000000717400000| PB 0x0000000717400000| Untracked 
| 146|0x0000000717600000, 0x0000000717600000, 0x0000000717800000|  0%| F|  |TAMS 0x0000000717600000| PB 0x0000000717600000| Untracked 
| 147|0x0000000717800000, 0x0000000717800000, 0x0000000717a00000|  0%| F|  |TAMS 0x0000000717800000| PB 0x0000000717800000| Untracked 
| 148|0x0000000717a00000, 0x0000000717a00000, 0x0000000717c00000|  0%| F|  |TAMS 0x0000000717a00000| PB 0x0000000717a00000| Untracked 
| 149|0x0000000717c00000, 0x0000000717c00000, 0x0000000717e00000|  0%| F|  |TAMS 0x0000000717c00000| PB 0x0000000717c00000| Untracked 
| 150|0x0000000717e00000, 0x0000000717e00000, 0x0000000718000000|  0%| F|  |TAMS 0x0000000717e00000| PB 0x0000000717e00000| Untracked 
| 151|0x0000000718000000, 0x0000000718000000, 0x0000000718200000|  0%| F|  |TAMS 0x0000000718000000| PB 0x0000000718000000| Untracked 
| 152|0x0000000718200000, 0x0000000718200000, 0x0000000718400000|  0%| F|  |TAMS 0x0000000718200000| PB 0x0000000718200000| Untracked 
| 153|0x0000000718400000, 0x0000000718400000, 0x0000000718600000|  0%| F|  |TAMS 0x0000000718400000| PB 0x0000000718400000| Untracked 
| 154|0x0000000718600000, 0x0000000718600000, 0x0000000718800000|  0%| F|  |TAMS 0x0000000718600000| PB 0x0000000718600000| Untracked 
| 155|0x0000000718800000, 0x0000000718800000, 0x0000000718a00000|  0%| F|  |TAMS 0x0000000718800000| PB 0x0000000718800000| Untracked 
| 156|0x0000000718a00000, 0x0000000718a00000, 0x0000000718c00000|  0%| F|  |TAMS 0x0000000718a00000| PB 0x0000000718a00000| Untracked 
| 157|0x0000000718c00000, 0x0000000718c00000, 0x0000000718e00000|  0%| F|  |TAMS 0x0000000718c00000| PB 0x0000000718c00000| Untracked 
| 158|0x0000000718e00000, 0x0000000718e00000, 0x0000000719000000|  0%| F|  |TAMS 0x0000000718e00000| PB 0x0000000718e00000| Untracked 
| 159|0x0000000719000000, 0x0000000719000000, 0x0000000719200000|  0%| F|  |TAMS 0x0000000719000000| PB 0x0000000719000000| Untracked 
| 160|0x0000000719200000, 0x0000000719200000, 0x0000000719400000|  0%| F|  |TAMS 0x0000000719200000| PB 0x0000000719200000| Untracked 
| 161|0x0000000719400000, 0x0000000719400000, 0x0000000719600000|  0%| F|  |TAMS 0x0000000719400000| PB 0x0000000719400000| Untracked 
| 162|0x0000000719600000, 0x0000000719600000, 0x0000000719800000|  0%| F|  |TAMS 0x0000000719600000| PB 0x0000000719600000| Untracked 
| 163|0x0000000719800000, 0x0000000719800000, 0x0000000719a00000|  0%| F|  |TAMS 0x0000000719800000| PB 0x0000000719800000| Untracked 
| 164|0x0000000719a00000, 0x0000000719a00000, 0x0000000719c00000|  0%| F|  |TAMS 0x0000000719a00000| PB 0x0000000719a00000| Untracked 
| 165|0x0000000719c00000, 0x0000000719c00000, 0x0000000719e00000|  0%| F|  |TAMS 0x0000000719c00000| PB 0x0000000719c00000| Untracked 
| 166|0x0000000719e00000, 0x0000000719e00000, 0x000000071a000000|  0%| F|  |TAMS 0x0000000719e00000| PB 0x0000000719e00000| Untracked 
| 167|0x000000071a000000, 0x000000071a02eec0, 0x000000071a200000|  9%| S|CS|TAMS 0x000000071a000000| PB 0x000000071a000000| Complete 
| 168|0x000000071a200000, 0x000000071a200000, 0x000000071a400000|  0%| F|  |TAMS 0x000000071a200000| PB 0x000000071a200000| Untracked 
| 169|0x000000071a400000, 0x000000071a400000, 0x000000071a600000|  0%| F|  |TAMS 0x000000071a400000| PB 0x000000071a400000| Untracked 
| 170|0x000000071a600000, 0x000000071a600000, 0x000000071a800000|  0%| F|  |TAMS 0x000000071a600000| PB 0x000000071a600000| Untracked 
| 171|0x000000071a800000, 0x000000071a800000, 0x000000071aa00000|  0%| F|  |TAMS 0x000000071a800000| PB 0x000000071a800000| Untracked 
| 172|0x000000071aa00000, 0x000000071aa00000, 0x000000071ac00000|  0%| F|  |TAMS 0x000000071aa00000| PB 0x000000071aa00000| Untracked 
| 173|0x000000071ac00000, 0x000000071ac00000, 0x000000071ae00000|  0%| F|  |TAMS 0x000000071ac00000| PB 0x000000071ac00000| Untracked 
| 174|0x000000071ae00000, 0x000000071ae00000, 0x000000071b000000|  0%| F|  |TAMS 0x000000071ae00000| PB 0x000000071ae00000| Untracked 
| 175|0x000000071b000000, 0x000000071b000000, 0x000000071b200000|  0%| F|  |TAMS 0x000000071b000000| PB 0x000000071b000000| Untracked 
| 176|0x000000071b200000, 0x000000071b200000, 0x000000071b400000|  0%| F|  |TAMS 0x000000071b200000| PB 0x000000071b200000| Untracked 
| 177|0x000000071b400000, 0x000000071b400000, 0x000000071b600000|  0%| F|  |TAMS 0x000000071b400000| PB 0x000000071b400000| Untracked 

Card table byte_map: [0x00000234241b0000,0x0000023424990000] _byte_map_base: 0x0000023420987000

Marking Bits: (CMBitMap*) 0x000002340bdb6a90
 Bits: [0x0000023424990000, 0x0000023428848000)

Polling page: 0x0000023409b40000

Metaspace:

Usage:
  Non-class:     14.22 MB used.
      Class:      2.29 MB used.
       Both:     16.51 MB used.

Virtual space:
  Non-class space:       64.00 MB reserved,      14.44 MB ( 23%) committed,  1 nodes.
      Class space:        1.00 GB reserved,       2.50 MB ( <1%) committed,  1 nodes.
             Both:        1.06 GB reserved,      16.94 MB (  2%) committed. 

Chunk freelists:
   Non-Class:  1.61 MB
       Class:  13.42 MB
        Both:  15.03 MB

MaxMetaspaceSize: unlimited
CompressedClassSpaceSize: 1.00 GB
Initial GC threshold: 21.00 MB
Current GC threshold: 28.25 MB
CDS: on
 - commit_granule_bytes: 65536.
 - commit_granule_words: 8192.
 - virtual_space_node_default_size: 8388608.
 - enlarge_chunks_in_place: 1.
 - use_allocation_guard: 0.


Internal statistics:

num_allocs_failed_limit: 0.
num_arena_births: 434.
num_arena_deaths: 0.
num_vsnodes_births: 2.
num_vsnodes_deaths: 0.
num_space_committed: 271.
num_space_uncommitted: 0.
num_chunks_returned_to_freelist: 0.
num_chunks_taken_from_freelist: 1064.
num_chunk_merges: 0.
num_chunk_splits: 686.
num_chunks_enlarged: 460.
num_inconsistent_stats: 0.

CodeHeap 'non-profiled nmethods': size=120000Kb used=3219Kb max_used=3219Kb free=116780Kb
 bounds [0x000002341bf50000, 0x000002341c280000, 0x0000023423480000]
CodeHeap 'profiled nmethods': size=120000Kb used=9769Kb max_used=9769Kb free=110230Kb
 bounds [0x0000023414480000, 0x0000023414e10000, 0x000002341b9b0000]
CodeHeap 'non-nmethods': size=5760Kb used=1680Kb max_used=1728Kb free=4079Kb
 bounds [0x000002341b9b0000, 0x000002341bc20000, 0x000002341bf50000]
CodeCache: size=245760Kb, used=14668Kb, max_used=14716Kb, free=231089Kb
 total_blobs=5602, nmethods=4783, adapters=721, full_count=0
Compilation: enabled, stopped_count=0, restarted_count=0

Compilation events (20 events):
Event: 19.568 Thread 0x000002342b521c20 4780       3       com.sun.javafx.geom.transform.Affine3D::restoreTransform (75 bytes)
Event: 19.568 Thread 0x000002342b521c20 nmethod 4780 0x0000023414e07b10 code [0x0000023414e07cc0, 0x0000023414e07e68]
Event: 19.695 Thread 0x000002342b51caa0 4781       4       javafx.scene.image.ImageView::invalidateWidthHeight (6 bytes)
Event: 19.696 Thread 0x000002342b51caa0 nmethod 4781 0x000002341c274410 code [0x000002341c2745a0, 0x000002341c274630]
Event: 19.802 Thread 0x000002342b51caa0 4782       4       com.sun.scenario.effect.impl.prism.ps.PPSDrawable::isLost (25 bytes)
Event: 19.804 Thread 0x000002342b51caa0 nmethod 4782 0x000002341c274710 code [0x000002341c2748c0, 0x000002341c274a18]
Event: 19.914 Thread 0x000002342b521c20 4783       3       java.lang.String::equalsIgnoreCase (45 bytes)
Event: 19.914 Thread 0x000002342b521c20 nmethod 4783 0x0000023414e07f90 code [0x0000023414e08180, 0x0000023414e086b8]
Event: 19.914 Thread 0x000002342b521c20 4784       3       jdk.internal.misc.InternalLock::<init> (16 bytes)
Event: 19.914 Thread 0x000002342b521c20 nmethod 4784 0x0000023414e08890 code [0x0000023414e08a80, 0x0000023414e09008]
Event: 19.999 Thread 0x000002342b521c20 4785       1       app.Modele.Entites.Entite::getName (5 bytes)
Event: 19.999 Thread 0x000002342b521c20 nmethod 4785 0x000002341c274b90 code [0x000002341c274d20, 0x000002341c274df0]
Event: 20.047 Thread 0x000002342b521c20 4786       3       com.sun.javafx.image.impl.ByteRgba::ToByteBgraConverter (26 bytes)
Event: 20.047 Thread 0x000002342b521c20 nmethod 4786 0x0000023414e09210 code [0x0000023414e093c0, 0x0000023414e095c8]
Event: 20.048 Thread 0x000002342b521c20 4788       3       com.sun.javafx.image.impl.BaseByteToByteConverter::convert (24 bytes)
Event: 20.048 Thread 0x000002342b521c20 nmethod 4788 0x0000023414e09690 code [0x0000023414e09840, 0x0000023414e09b78]
Event: 20.048 Thread 0x000002342b521c20 4787       3       com.sun.prism.Image::fromByteBgraPreData (19 bytes)
Event: 20.048 Thread 0x000002342b521c20 nmethod 4787 0x0000023414e09c90 code [0x0000023414e09e40, 0x0000023414e0a000]
Event: 20.053 Thread 0x000002342b521c20 4789       3       com.sun.javafx.tk.quantum.PrismImageLoader2::getFrameCount (15 bytes)
Event: 20.053 Thread 0x000002342b521c20 nmethod 4789 0x0000023414e0a110 code [0x0000023414e0a2c0, 0x0000023414e0a438]

GC Heap History (20 events):
Event: 13.390 GC heap after
{Heap after GC invocations=9 (full 0):
 garbage-first heap   total 364544K, used 78518K [0x0000000705200000, 0x0000000800000000)
  region size 2048K, 4 young (8192K), 4 survivors (8192K)
 Metaspace       used 16781K, committed 17152K, reserved 1114112K
  class space    used 2343K, committed 2496K, reserved 1048576K
}
Event: 14.367 GC heap before
{Heap before GC invocations=9 (full 0):
 garbage-first heap   total 364544K, used 187062K [0x0000000705200000, 0x0000000800000000)
  region size 2048K, 15 young (30720K), 4 survivors (8192K)
 Metaspace       used 16813K, committed 17216K, reserved 1114112K
  class space    used 2343K, committed 2560K, reserved 1048576K
}
Event: 14.373 GC heap after
{Heap after GC invocations=10 (full 0):
 garbage-first heap   total 364544K, used 84756K [0x0000000705200000, 0x0000000800000000)
  region size 2048K, 4 young (8192K), 4 survivors (8192K)
 Metaspace       used 16813K, committed 17216K, reserved 1114112K
  class space    used 2343K, committed 2560K, reserved 1048576K
}
Event: 16.110 GC heap before
{Heap before GC invocations=10 (full 0):
 garbage-first heap   total 364544K, used 189204K [0x0000000705200000, 0x0000000800000000)
  region size 2048K, 16 young (32768K), 4 survivors (8192K)
 Metaspace       used 16847K, committed 17216K, reserved 1114112K
  class space    used 2343K, committed 2560K, reserved 1048576K
}
Event: 16.114 GC heap after
{Heap after GC invocations=11 (full 0):
 garbage-first heap   total 364544K, used 66232K [0x0000000705200000, 0x0000000800000000)
  region size 2048K, 4 young (8192K), 4 survivors (8192K)
 Metaspace       used 16847K, committed 17216K, reserved 1114112K
  class space    used 2343K, committed 2560K, reserved 1048576K
}
Event: 16.868 GC heap before
{Heap before GC invocations=11 (full 0):
 garbage-first heap   total 364544K, used 191160K [0x0000000705200000, 0x0000000800000000)
  region size 2048K, 17 young (34816K), 4 survivors (8192K)
 Metaspace       used 16879K, committed 17344K, reserved 1114112K
  class space    used 2343K, committed 2560K, reserved 1048576K
}
Event: 16.871 GC heap after
{Heap after GC invocations=12 (full 0):
 garbage-first heap   total 364544K, used 109247K [0x0000000705200000, 0x0000000800000000)
  region size 2048K, 4 young (8192K), 4 survivors (8192K)
 Metaspace       used 16879K, committed 17344K, reserved 1114112K
  class space    used 2343K, committed 2560K, reserved 1048576K
}
Event: 17.430 GC heap before
{Heap before GC invocations=13 (full 0):
 garbage-first heap   total 364544K, used 180927K [0x0000000705200000, 0x0000000800000000)
  region size 2048K, 12 young (24576K), 4 survivors (8192K)
 Metaspace       used 16889K, committed 17344K, reserved 1114112K
  class space    used 2343K, committed 2560K, reserved 1048576K
}
Event: 17.433 GC heap after
{Heap after GC invocations=14 (full 0):
 garbage-first heap   total 364544K, used 105317K [0x0000000705200000, 0x0000000800000000)
  region size 2048K, 4 young (8192K), 4 survivors (8192K)
 Metaspace       used 16889K, committed 17344K, reserved 1114112K
  class space    used 2343K, committed 2560K, reserved 1048576K
}
Event: 17.924 GC heap before
{Heap before GC invocations=14 (full 0):
 garbage-first heap   total 364544K, used 183141K [0x0000000705200000, 0x0000000800000000)
  region size 2048K, 13 young (26624K), 4 survivors (8192K)
 Metaspace       used 16898K, committed 17344K, reserved 1114112K
  class space    used 2343K, committed 2560K, reserved 1048576K
}
Event: 17.928 GC heap after
{Heap after GC invocations=15 (full 0):
 garbage-first heap   total 364544K, used 111027K [0x0000000705200000, 0x0000000800000000)
  region size 2048K, 4 young (8192K), 4 survivors (8192K)
 Metaspace       used 16898K, committed 17344K, reserved 1114112K
  class space    used 2343K, committed 2560K, reserved 1048576K
}
Event: 18.320 GC heap before
{Heap before GC invocations=15 (full 0):
 garbage-first heap   total 364544K, used 180659K [0x0000000705200000, 0x0000000800000000)
  region size 2048K, 12 young (24576K), 4 survivors (8192K)
 Metaspace       used 16900K, committed 17344K, reserved 1114112K
  class space    used 2343K, committed 2560K, reserved 1048576K
}
Event: 18.325 GC heap after
{Heap after GC invocations=16 (full 0):
 garbage-first heap   total 364544K, used 100610K [0x0000000705200000, 0x0000000800000000)
  region size 2048K, 3 young (6144K), 3 survivors (6144K)
 Metaspace       used 16900K, committed 17344K, reserved 1114112K
  class space    used 2343K, committed 2560K, reserved 1048576K
}
Event: 18.891 GC heap before
{Heap before GC invocations=16 (full 0):
 garbage-first heap   total 364544K, used 184578K [0x0000000705200000, 0x0000000800000000)
  region size 2048K, 13 young (26624K), 3 survivors (6144K)
 Metaspace       used 16902K, committed 17344K, reserved 1114112K
  class space    used 2343K, committed 2560K, reserved 1048576K
}
Event: 18.894 GC heap after
{Heap after GC invocations=17 (full 0):
 garbage-first heap   total 364544K, used 125444K [0x0000000705200000, 0x0000000800000000)
  region size 2048K, 4 young (8192K), 4 survivors (8192K)
 Metaspace       used 16902K, committed 17344K, reserved 1114112K
  class space    used 2343K, committed 2560K, reserved 1048576K
}
Event: 19.119 GC heap before
{Heap before GC invocations=17 (full 0):
 garbage-first heap   total 364544K, used 178692K [0x0000000705200000, 0x0000000800000000)
  region size 2048K, 11 young (22528K), 4 survivors (8192K)
 Metaspace       used 16903K, committed 17344K, reserved 1114112K
  class space    used 2343K, committed 2560K, reserved 1048576K
}
Event: 19.125 GC heap after
{Heap after GC invocations=18 (full 0):
 garbage-first heap   total 364544K, used 113331K [0x0000000705200000, 0x0000000800000000)
  region size 2048K, 4 young (8192K), 4 survivors (8192K)
 Metaspace       used 16903K, committed 17344K, reserved 1114112K
  class space    used 2343K, committed 2560K, reserved 1048576K
}
Event: 19.415 GC heap before
{Heap before GC invocations=18 (full 0):
 garbage-first heap   total 364544K, used 182963K [0x0000000705200000, 0x0000000800000000)
  region size 2048K, 13 young (26624K), 4 survivors (8192K)
 Metaspace       used 16904K, committed 17344K, reserved 1114112K
  class space    used 2343K, committed 2560K, reserved 1048576K
}
Event: 19.420 GC heap after
{Heap after GC invocations=19 (full 0):
 garbage-first heap   total 364544K, used 105100K [0x0000000705200000, 0x0000000800000000)
  region size 2048K, 1 young (2048K), 1 survivors (2048K)
 Metaspace       used 16904K, committed 17344K, reserved 1114112K
  class space    used 2343K, committed 2560K, reserved 1048576K
}
Event: 20.055 GC heap before
{Heap before GC invocations=19 (full 0):
 garbage-first heap   total 364544K, used 178828K [0x0000000705200000, 0x0000000800000000)
  region size 2048K, 11 young (22528K), 1 survivors (2048K)
 Metaspace       used 16904K, committed 17344K, reserved 1114112K
  class space    used 2343K, committed 2560K, reserved 1048576K
}

Dll operation events (20 events):
Event: 0.489 Loaded shared library C:\Users\bland\.openjfx\cache\21+31\amd64\api-ms-win-crt-locale-l1-1-0.dll
Event: 0.491 Loaded shared library C:\Users\bland\.openjfx\cache\21+31\amd64\api-ms-win-crt-math-l1-1-0.dll
Event: 0.494 Loaded shared library C:\Users\bland\.openjfx\cache\21+31\amd64\api-ms-win-crt-multibyte-l1-1-0.dll
Event: 0.497 Loaded shared library C:\Users\bland\.openjfx\cache\21+31\amd64\api-ms-win-crt-private-l1-1-0.dll
Event: 0.500 Loaded shared library C:\Users\bland\.openjfx\cache\21+31\amd64\api-ms-win-crt-process-l1-1-0.dll
Event: 0.502 Loaded shared library C:\Users\bland\.openjfx\cache\21+31\amd64\api-ms-win-crt-runtime-l1-1-0.dll
Event: 0.504 Loaded shared library C:\Users\bland\.openjfx\cache\21+31\amd64\api-ms-win-crt-stdio-l1-1-0.dll
Event: 0.507 Loaded shared library C:\Users\bland\.openjfx\cache\21+31\amd64\api-ms-win-crt-string-l1-1-0.dll
Event: 0.509 Loaded shared library C:\Users\bland\.openjfx\cache\21+31\amd64\api-ms-win-crt-time-l1-1-0.dll
Event: 0.511 Loaded shared library C:\Users\bland\.openjfx\cache\21+31\amd64\api-ms-win-crt-utility-l1-1-0.dll
Event: 0.525 Loaded shared library C:\Users\bland\.openjfx\cache\21+31\amd64\ucrtbase.dll
Event: 0.528 Loaded shared library C:\Users\bland\.openjfx\cache\21+31\amd64\vcruntime140.dll
Event: 0.531 Loaded shared library C:\Users\bland\.openjfx\cache\21+31\amd64\vcruntime140_1.dll
Event: 0.539 Loaded shared library C:\Users\bland\.openjfx\cache\21+31\amd64\msvcp140.dll
Event: 0.544 Loaded shared library C:\Users\bland\.openjfx\cache\21+31\amd64\msvcp140_1.dll
Event: 0.549 Loaded shared library C:\Users\bland\.openjfx\cache\21+31\amd64\msvcp140_2.dll
Event: 0.599 Loaded shared library C:\Users\bland\.openjfx\cache\21+31\amd64\prism_d3d.dll
Event: 0.739 Loaded shared library C:\Users\bland\.openjfx\cache\21+31\amd64\glass.dll
Event: 0.886 Loaded shared library C:\Users\bland\.jdks\ms-21.0.11\bin\jimage.dll
Event: 1.037 Loaded shared library C:\Users\bland\.openjfx\cache\21+31\amd64\javafx_font.dll

Deoptimization events (20 events):
Event: 19.185 Thread 0x0000023471748640 Uncommon trap: trap_request=0xffffff45 fr.pc=0x000002341c24e730 relative=0x00000000000005d0
Event: 19.185 Thread 0x0000023471748640 Uncommon trap: reason=unstable_if action=reinterpret pc=0x000002341c24e730 method=app.Modele.Entites.Animaux.Animal.update(D)V @ 36 c2
Event: 19.185 Thread 0x0000023471748640 DEOPT PACKING pc=0x000002341c24e730 sp=0x0000009862cfde10
Event: 19.185 Thread 0x0000023471748640 DEOPT UNPACKING pc=0x000002341ba04422 sp=0x0000009862cfddc8 mode 2
Event: 19.232 Thread 0x0000023471748640 Uncommon trap: trap_request=0xffffffde fr.pc=0x000002341c1fed98 relative=0x0000000000002398
Event: 19.232 Thread 0x0000023471748640 Uncommon trap: reason=class_check action=maybe_recompile pc=0x000002341c1fed98 method=app.Modele.Entites.Entite.getCiblesAccessibles(DLjava/util/List;)Ljava/util/List; @ 193 c2
Event: 19.232 Thread 0x0000023471748640 DEOPT PACKING pc=0x000002341c1fed98 sp=0x0000009862cfdbc0
Event: 19.232 Thread 0x0000023471748640 DEOPT UNPACKING pc=0x000002341ba04422 sp=0x0000009862cfdb90 mode 2
Event: 19.232 Thread 0x0000023471748640 Uncommon trap: trap_request=0xffffffde fr.pc=0x000002341c1fed98 relative=0x0000000000002398
Event: 19.232 Thread 0x0000023471748640 Uncommon trap: reason=class_check action=maybe_recompile pc=0x000002341c1fed98 method=app.Modele.Entites.Entite.getCiblesAccessibles(DLjava/util/List;)Ljava/util/List; @ 193 c2
Event: 19.232 Thread 0x0000023471748640 DEOPT PACKING pc=0x000002341c1fed98 sp=0x0000009862cfdbc0
Event: 19.232 Thread 0x0000023471748640 DEOPT UNPACKING pc=0x000002341ba04422 sp=0x0000009862cfdb90 mode 2
Event: 19.248 Thread 0x0000023471748640 Uncommon trap: trap_request=0xffffffde fr.pc=0x000002341c1fed98 relative=0x0000000000002398
Event: 19.248 Thread 0x0000023471748640 Uncommon trap: reason=class_check action=maybe_recompile pc=0x000002341c1fed98 method=app.Modele.Entites.Entite.getCiblesAccessibles(DLjava/util/List;)Ljava/util/List; @ 193 c2
Event: 19.248 Thread 0x0000023471748640 DEOPT PACKING pc=0x000002341c1fed98 sp=0x0000009862cfdd10
Event: 19.248 Thread 0x0000023471748640 DEOPT UNPACKING pc=0x000002341ba04422 sp=0x0000009862cfdce0 mode 2
Event: 19.248 Thread 0x0000023471748640 Uncommon trap: trap_request=0xffffffde fr.pc=0x000002341c1fed98 relative=0x0000000000002398
Event: 19.248 Thread 0x0000023471748640 Uncommon trap: reason=class_check action=maybe_recompile pc=0x000002341c1fed98 method=app.Modele.Entites.Entite.getCiblesAccessibles(DLjava/util/List;)Ljava/util/List; @ 193 c2
Event: 19.248 Thread 0x0000023471748640 DEOPT PACKING pc=0x000002341c1fed98 sp=0x0000009862cfdd10
Event: 19.248 Thread 0x0000023471748640 DEOPT UNPACKING pc=0x000002341ba04422 sp=0x0000009862cfdce0 mode 2

Classes loaded (20 events):
Event: 3.096 Loading class java/lang/Math$RandomNumberGeneratorHolder
Event: 3.096 Loading class java/lang/Math$RandomNumberGeneratorHolder done
Event: 3.158 Loading class java/util/TimerTask
Event: 3.158 Loading class java/util/TimerTask done
Event: 3.384 Loading class java/lang/FdLibm$Acos
Event: 3.384 Loading class java/lang/FdLibm$Acos done
Event: 6.985 Loading class java/util/Formatter$FixedString
Event: 6.985 Loading class java/util/Formatter$FixedString done
Event: 6.986 Loading class java/lang/Throwable$WrappedPrintStream
Event: 6.986 Loading class java/lang/Throwable$PrintStreamOrWriter
Event: 6.987 Loading class java/lang/Throwable$PrintStreamOrWriter done
Event: 6.987 Loading class java/lang/Throwable$WrappedPrintStream done
Event: 9.418 Loading class java/util/Timer
Event: 9.419 Loading class java/util/Timer done
Event: 9.419 Loading class java/util/TaskQueue
Event: 9.419 Loading class java/util/TaskQueue done
Event: 9.419 Loading class java/util/TimerThread
Event: 9.419 Loading class java/util/TimerThread done
Event: 9.419 Loading class java/util/Timer$ThreadReaper
Event: 9.419 Loading class java/util/Timer$ThreadReaper done

Classes unloaded (0 events):
No events

Classes redefined (0 events):
No events

Internal exceptions (20 events):
Event: 1.501 Thread 0x0000023471748640 Exception <a 'java/lang/NoSuchMethodError'{0x0000000712861720}: 'int java.lang.invoke.DirectMethodHandle$Holder.invokeSpecial(java.lang.Object, java.lang.Object, int)'> (0x0000000712861720) 
thrown [s\src\hotspot\share\interpreter\linkResolver.cpp, line 773]
Event: 1.520 Thread 0x0000023471748640 Exception <a 'java/lang/NoSuchMethodError'{0x00000007128ccd38}: 'java.lang.Object java.lang.invoke.DirectMethodHandle$Holder.newInvokeSpecial(java.lang.Object, java.lang.Object, int)'> (0x00000007128ccd38) 
thrown [s\src\hotspot\share\interpreter\linkResolver.cpp, line 773]
Event: 1.666 Thread 0x0000023471111430 Exception <a 'java/lang/NoSuchMethodError'{0x0000000712619970}: 'int java.lang.invoke.DirectMethodHandle$Holder.invokeStaticInit(java.lang.Object, java.lang.Object)'> (0x0000000712619970) 
thrown [s\src\hotspot\share\interpreter\linkResolver.cpp, line 773]
Event: 1.695 Thread 0x0000023471111430 Exception <a 'java/lang/NoSuchMethodError'{0x00000007126dd5c8}: 'java.lang.Object java.lang.invoke.Invokers$Holder.invokeExact_MT(java.lang.Object, java.lang.Object, java.lang.Object, java.lang.Object, java.lang.Object)'> (0x00000007126dd5c8) 
thrown [s\src\hotspot\share\interpreter\linkResolver.cpp, line 773]
Event: 2.545 Thread 0x0000023471748640 Exception <a 'java/lang/NoSuchMethodError'{0x0000000714a77bc8}: 'long java.lang.invoke.DirectMethodHandle$Holder.invokeStatic(java.lang.Object, java.lang.Object, java.lang.Object)'> (0x0000000714a77bc8) 
thrown [s\src\hotspot\share\interpreter\linkResolver.cpp, line 773]
Event: 2.545 Thread 0x0000023471748640 Exception <a 'java/lang/NoSuchMethodError'{0x0000000714a7afd8}: 'long java.lang.invoke.DirectMethodHandle$Holder.invokeStaticInit(java.lang.Object, java.lang.Object, java.lang.Object)'> (0x0000000714a7afd8) 
thrown [s\src\hotspot\share\interpreter\linkResolver.cpp, line 773]
Event: 2.547 Thread 0x0000023471748640 Exception <a 'java/lang/NoSuchMethodError'{0x0000000714a8fd48}: 'java.lang.Object java.lang.invoke.DirectMethodHandle$Holder.newInvokeSpecial(java.lang.Object, java.lang.Object, long)'> (0x0000000714a8fd48) 
thrown [s\src\hotspot\share\interpreter\linkResolver.cpp, line 773]
Event: 2.547 Thread 0x0000023471748640 Exception <a 'java/lang/NoSuchMethodError'{0x0000000714a93660}: 'java.lang.Object java.lang.invoke.Invokers$Holder.linkToTargetMethod(java.lang.Object, long, java.lang.Object)'> (0x0000000714a93660) 
thrown [s\src\hotspot\share\interpreter\linkResolver.cpp, line 773]
Event: 2.578 Thread 0x0000023471748640 Exception <a 'java/lang/NoSuchMethodError'{0x0000000714a9a750}: 'void java.lang.invoke.DirectMethodHandle$Holder.invokeVirtual(java.lang.Object, java.lang.Object)'> (0x0000000714a9a750) 
thrown [s\src\hotspot\share\interpreter\linkResolver.cpp, line 773]
Event: 2.934 Thread 0x0000023471748640 Exception <a 'java/lang/NoSuchMethodError'{0x0000000714581db8}: 'java.lang.Object java.lang.invoke.DirectMethodHandle$Holder.newInvokeSpecial(java.lang.Object, java.lang.Object, int, int)'> (0x0000000714581db8) 
thrown [s\src\hotspot\share\interpreter\linkResolver.cpp, line 773]
Event: 2.934 Thread 0x0000023471748640 Exception <a 'java/lang/NoSuchMethodError'{0x0000000714586078}: 'java.lang.Object java.lang.invoke.DirectMethodHandle$Holder.invokeSpecial(java.lang.Object, java.lang.Object, java.lang.Object, int, int)'> (0x0000000714586078) 
thrown [s\src\hotspot\share\interpreter\linkResolver.cpp, line 773]
Event: 2.998 Thread 0x0000023471748640 Exception <a 'java/lang/NoSuchMethodError'{0x00000007140f46d0}: 'java.lang.Object java.lang.invoke.DirectMethodHandle$Holder.newInvokeSpecial(java.lang.Object, java.lang.Object, java.lang.Object, int, java.lang.Object)'> (0x00000007140f46d0) 
thrown [s\src\hotspot\share\interpreter\linkResolver.cpp, line 773]
Event: 2.999 Thread 0x0000023471748640 Exception <a 'java/lang/NoSuchMethodError'{0x00000007140fc1e0}: 'java.lang.Object java.lang.invoke.Invokers$Holder.linkToTargetMethod(java.lang.Object, java.lang.Object, int, java.lang.Object, java.lang.Object)'> (0x00000007140fc1e0) 
thrown [s\src\hotspot\share\interpreter\linkResolver.cpp, line 773]
Event: 3.039 Thread 0x0000023471748640 Exception <a 'java/lang/NoSuchMethodError'{0x000000071410e668}: 'int java.lang.invoke.DirectMethodHandle$Holder.invokeVirtual(java.lang.Object, java.lang.Object)'> (0x000000071410e668) 
thrown [s\src\hotspot\share\interpreter\linkResolver.cpp, line 773]
Event: 3.112 Thread 0x0000023471748640 Exception <a 'java/lang/NoSuchMethodError'{0x0000000713c94c28}: 'void java.lang.invoke.DirectMethodHandle$Holder.invokeSpecial(java.lang.Object, java.lang.Object, java.lang.Object, java.lang.Object, java.lang.Object, java.lang.Object)'> (0x0000000713c94c28) 
thrown [s\src\hotspot\share\interpreter\linkResolver.cpp, line 773]
Event: 7.000 Thread 0x0000023471111430 Implicit null exception at 0x000002341c14cea9 to 0x000002341c14dd50
Event: 9.995 Thread 0x0000023471748640 Implicit null exception at 0x000002341c156ea8 to 0x000002341c156f1c
Event: 10.257 Thread 0x0000023471748640 Implicit null exception at 0x000002341bf7503d to 0x000002341bf750c1
Event: 10.629 Thread 0x0000023471748640 Implicit null exception at 0x000002341c1bc712 to 0x000002341c1bf278
Event: 12.449 Thread 0x0000023471111430 Implicit null exception at 0x000002341c13cc3a to 0x000002341c13cccc

ZGC Phase Switch (0 events):
No events

VM Operations (20 events):
Event: 16.868 Executing safepoint VM operation: G1TryInitiateConcMark (G1 Humongous Allocation) done
Event: 16.868 Executing safepoint VM operation: G1CollectForAllocation (GCLocker Initiated GC)
Event: 16.871 Executing safepoint VM operation: G1CollectForAllocation (GCLocker Initiated GC) done
Event: 16.882 Executing safepoint VM operation: G1PauseRemark
Event: 16.888 Executing safepoint VM operation: G1PauseRemark done
Event: 16.890 Executing safepoint VM operation: G1PauseCleanup
Event: 16.890 Executing safepoint VM operation: G1PauseCleanup done
Event: 17.430 Executing safepoint VM operation: G1TryInitiateConcMark (G1 Humongous Allocation)
Event: 17.433 Executing safepoint VM operation: G1TryInitiateConcMark (G1 Humongous Allocation) done
Event: 17.924 Executing safepoint VM operation: G1TryInitiateConcMark (G1 Humongous Allocation)
Event: 17.928 Executing safepoint VM operation: G1TryInitiateConcMark (G1 Humongous Allocation) done
Event: 18.320 Executing safepoint VM operation: G1TryInitiateConcMark (G1 Humongous Allocation)
Event: 18.325 Executing safepoint VM operation: G1TryInitiateConcMark (G1 Humongous Allocation) done
Event: 18.891 Executing safepoint VM operation: G1TryInitiateConcMark (G1 Humongous Allocation)
Event: 18.894 Executing safepoint VM operation: G1TryInitiateConcMark (G1 Humongous Allocation) done
Event: 19.119 Executing safepoint VM operation: G1TryInitiateConcMark (G1 Humongous Allocation)
Event: 19.125 Executing safepoint VM operation: G1TryInitiateConcMark (G1 Humongous Allocation) done
Event: 19.415 Executing safepoint VM operation: G1TryInitiateConcMark (G1 Humongous Allocation)
Event: 19.420 Executing safepoint VM operation: G1TryInitiateConcMark (G1 Humongous Allocation) done
Event: 20.055 Executing safepoint VM operation: G1TryInitiateConcMark (G1 Humongous Allocation)

Memory protections (0 events):
No events

Nmethod flushes (0 events):
No events

Events (20 events):
Event: 18.448 Thread 0x0000023400077570 Thread exited: 0x0000023400077570
Event: 18.899 Thread 0x0000023400076ee0 Thread exited: 0x0000023400076ee0
Event: 18.912 Thread 0x0000023400078290 Thread exited: 0x0000023400078290
Event: 18.913 Thread 0x0000023471748640 Thread added: 0x0000023400078290
Event: 18.924 Thread 0x0000023471748640 Thread added: 0x0000023400076850
Event: 18.940 Thread 0x0000023400077c00 Thread exited: 0x0000023400077c00
Event: 18.943 Thread 0x0000023471748640 Thread added: 0x00000234000761c0
Event: 19.134 Thread 0x000002340007a360 Thread exited: 0x000002340007a360
Event: 19.163 Thread 0x000002340007a9f0 Thread exited: 0x000002340007a9f0
Event: 19.171 Thread 0x0000023471748640 Thread added: 0x0000023400079cd0
Event: 19.196 Thread 0x0000023471748640 Thread added: 0x000002340007a360
Event: 19.338 Thread 0x0000023400078fb0 Thread exited: 0x0000023400078fb0
Event: 19.358 Thread 0x0000023471748640 Thread added: 0x0000023400078fb0
Event: 19.426 Thread 0x0000023400079640 Thread exited: 0x0000023400079640
Event: 19.447 Thread 0x0000023400078920 Thread exited: 0x0000023400078920
Event: 19.469 Thread 0x0000023471748640 Thread added: 0x0000023400076ee0
Event: 19.917 Thread 0x0000023400078290 Thread exited: 0x0000023400078290
Event: 19.926 Thread 0x0000023400076850 Thread exited: 0x0000023400076850
Event: 19.945 Thread 0x00000234000761c0 Thread exited: 0x00000234000761c0
Event: 20.053 Thread 0x0000023471748640 Thread added: 0x0000023400077570


Dynamic libraries:
0x00007ff7e7bb0000 - 0x00007ff7e7bbe000 	C:\Users\bland\.jdks\ms-21.0.11\bin\java.exe
0x00007ffa5f780000 - 0x00007ffa5f9e7000 	C:\WINDOWS\SYSTEM32\ntdll.dll
0x00007ffa07220000 - 0x00007ffa07241000 	C:\Program Files\Avast Software\Avast\aswhook.dll
0x00007ffa5e3f0000 - 0x00007ffa5e4b9000 	C:\WINDOWS\System32\KERNEL32.DLL
0x00007ffa5d100000 - 0x00007ffa5d4f7000 	C:\WINDOWS\System32\KERNELBASE.dll
0x00007ffa5cc90000 - 0x00007ffa5cddb000 	C:\WINDOWS\System32\ucrtbase.dll
0x00007ffa41870000 - 0x00007ffa41888000 	C:\Users\bland\.jdks\ms-21.0.11\bin\jli.dll
0x00007ffa3be40000 - 0x00007ffa3be5e000 	C:\Users\bland\.jdks\ms-21.0.11\bin\VCRUNTIME140.dll
0x00007ffa5f380000 - 0x00007ffa5f546000 	C:\WINDOWS\System32\USER32.dll
0x00007ffa5c1b0000 - 0x00007ffa5c1d7000 	C:\WINDOWS\System32\win32u.dll
0x00007ffa2e630000 - 0x00007ffa2e8c2000 	C:\WINDOWS\WinSxS\amd64_microsoft.windows.common-controls_6595b64144ccf1df_6.0.26100.8457_none_3e0b2faee331e92d\COMCTL32.dll
0x00007ffa5dd90000 - 0x00007ffa5ddbb000 	C:\WINDOWS\System32\GDI32.dll
0x00007ffa5e340000 - 0x00007ffa5e3e9000 	C:\WINDOWS\System32\msvcrt.dll
0x00007ffa5cf20000 - 0x00007ffa5d04c000 	C:\WINDOWS\System32\gdi32full.dll
0x00007ffa5d050000 - 0x00007ffa5d0f3000 	C:\WINDOWS\System32\msvcp_win.dll
0x00007ffa5e300000 - 0x00007ffa5e332000 	C:\WINDOWS\System32\IMM32.DLL
0x00007ffa56f80000 - 0x00007ffa56f8c000 	C:\Users\bland\.jdks\ms-21.0.11\bin\vcruntime140_1.dll
0x00007ffa145d0000 - 0x00007ffa14659000 	C:\Users\bland\.jdks\ms-21.0.11\bin\msvcp140.dll
0x00007ff998650000 - 0x00007ff9993fe000 	C:\Users\bland\.jdks\ms-21.0.11\bin\server\jvm.dll
0x00007ffa5ef60000 - 0x00007ffa5f016000 	C:\WINDOWS\System32\ADVAPI32.dll
0x00007ffa5f550000 - 0x00007ffa5f5f7000 	C:\WINDOWS\System32\sechost.dll
0x00007ffa5f240000 - 0x00007ffa5f358000 	C:\WINDOWS\System32\RPCRT4.dll
0x00007ffa5ddc0000 - 0x00007ffa5de40000 	C:\WINDOWS\System32\WS2_32.dll
0x00007ffa5c010000 - 0x00007ffa5c06e000 	C:\WINDOWS\SYSTEM32\POWRPROF.dll
0x00007ffa483a0000 - 0x00007ffa483ab000 	C:\WINDOWS\SYSTEM32\VERSION.dll
0x00007ffa50c50000 - 0x00007ffa50c86000 	C:\WINDOWS\SYSTEM32\WINMM.dll
0x00007ffa5bff0000 - 0x00007ffa5c004000 	C:\WINDOWS\SYSTEM32\UMPDC.dll
0x00007ffa5aea0000 - 0x00007ffa5aebb000 	C:\WINDOWS\SYSTEM32\kernel.appcore.dll
0x00007ffa501c0000 - 0x00007ffa501ca000 	C:\Users\bland\.jdks\ms-21.0.11\bin\jimage.dll
0x00007ffa5a000000 - 0x00007ffa5a242000 	C:\WINDOWS\SYSTEM32\DBGHELP.DLL
0x00007ffa5eb60000 - 0x00007ffa5eee3000 	C:\WINDOWS\System32\combase.dll
0x00007ffa5de50000 - 0x00007ffa5df29000 	C:\WINDOWS\System32\OLEAUT32.dll
0x00007ffa48330000 - 0x00007ffa4836b000 	C:\WINDOWS\SYSTEM32\dbgcore.DLL
0x00007ffa5ce70000 - 0x00007ffa5cf18000 	C:\WINDOWS\System32\bcryptPrimitives.dll
0x00007ffa3bd30000 - 0x00007ffa3bd51000 	C:\Users\bland\.jdks\ms-21.0.11\bin\java.dll
0x00007ffa5d590000 - 0x00007ffa5dcfe000 	C:\WINDOWS\System32\SHELL32.dll
0x00007ffa5c420000 - 0x00007ffa5cc8c000 	C:\WINDOWS\System32\windows.storage.dll
0x00007ffa5f640000 - 0x00007ffa5f736000 	C:\WINDOWS\System32\SHCORE.dll
0x00007ffa5eef0000 - 0x00007ffa5ef56000 	C:\WINDOWS\System32\shlwapi.dll
0x00007ffa5c0d0000 - 0x00007ffa5c0f9000 	C:\WINDOWS\SYSTEM32\profapi.dll
0x00007ffa040d0000 - 0x00007ffa041a6000 	C:\Users\bland\.jdks\ms-21.0.11\bin\jsvml.dll
0x00007ffa3bd80000 - 0x00007ffa3bd91000 	C:\Users\bland\.jdks\ms-21.0.11\bin\net.dll
0x00007ffa50b20000 - 0x00007ffa50c49000 	C:\WINDOWS\SYSTEM32\WINHTTP.dll
0x00007ffa5b4b0000 - 0x00007ffa5b51c000 	C:\WINDOWS\system32\mswsock.dll
0x00007ffa2ff40000 - 0x00007ffa2ff56000 	C:\Users\bland\.jdks\ms-21.0.11\bin\nio.dll
0x00007ffa2f480000 - 0x00007ffa2f498000 	C:\Users\bland\.jdks\ms-21.0.11\bin\zip.dll
0x000002340bc50000 - 0x000002340bc53000 	C:\Users\bland\.openjfx\cache\21+31\amd64\api-ms-win-core-console-l1-1-0.dll
0x000002340bc60000 - 0x000002340bc63000 	C:\Users\bland\.openjfx\cache\21+31\amd64\api-ms-win-core-console-l1-2-0.dll
0x000002340bc70000 - 0x000002340bc73000 	C:\Users\bland\.openjfx\cache\21+31\amd64\api-ms-win-core-datetime-l1-1-0.dll
0x000002340bc80000 - 0x000002340bc83000 	C:\Users\bland\.openjfx\cache\21+31\amd64\api-ms-win-core-debug-l1-1-0.dll
0x000002340bc90000 - 0x000002340bc93000 	C:\Users\bland\.openjfx\cache\21+31\amd64\api-ms-win-core-errorhandling-l1-1-0.dll
0x000002340bca0000 - 0x000002340bca4000 	C:\Users\bland\.openjfx\cache\21+31\amd64\api-ms-win-core-file-l1-1-0.dll
0x000002340bcb0000 - 0x000002340bcb3000 	C:\Users\bland\.openjfx\cache\21+31\amd64\api-ms-win-core-file-l1-2-0.dll
0x000002340bcc0000 - 0x000002340bcc3000 	C:\Users\bland\.openjfx\cache\21+31\amd64\api-ms-win-core-file-l2-1-0.dll
0x000002340bcd0000 - 0x000002340bcd3000 	C:\Users\bland\.openjfx\cache\21+31\amd64\api-ms-win-core-handle-l1-1-0.dll
0x000002340bce0000 - 0x000002340bce3000 	C:\Users\bland\.openjfx\cache\21+31\amd64\api-ms-win-core-heap-l1-1-0.dll
0x000002340bcf0000 - 0x000002340bcf3000 	C:\Users\bland\.openjfx\cache\21+31\amd64\api-ms-win-core-interlocked-l1-1-0.dll
0x000002340bd00000 - 0x000002340bd03000 	C:\Users\bland\.openjfx\cache\21+31\amd64\api-ms-win-core-libraryloader-l1-1-0.dll
0x000002342b930000 - 0x000002342b933000 	C:\Users\bland\.openjfx\cache\21+31\amd64\api-ms-win-core-localization-l1-2-0.dll
0x000002342b940000 - 0x000002342b943000 	C:\Users\bland\.openjfx\cache\21+31\amd64\api-ms-win-core-memory-l1-1-0.dll
0x000002342b950000 - 0x000002342b953000 	C:\Users\bland\.openjfx\cache\21+31\amd64\api-ms-win-core-namedpipe-l1-1-0.dll
0x000002342b960000 - 0x000002342b963000 	C:\Users\bland\.openjfx\cache\21+31\amd64\api-ms-win-core-processenvironment-l1-1-0.dll
0x000002342b970000 - 0x000002342b973000 	C:\Users\bland\.openjfx\cache\21+31\amd64\api-ms-win-core-processthreads-l1-1-0.dll
0x000002342b980000 - 0x000002342b983000 	C:\Users\bland\.openjfx\cache\21+31\amd64\api-ms-win-core-processthreads-l1-1-1.dll
0x000002342b990000 - 0x000002342b993000 	C:\Users\bland\.openjfx\cache\21+31\amd64\api-ms-win-core-profile-l1-1-0.dll
0x000002342b9a0000 - 0x000002342b9a3000 	C:\Users\bland\.openjfx\cache\21+31\amd64\api-ms-win-core-rtlsupport-l1-1-0.dll
0x000002342b9b0000 - 0x000002342b9b3000 	C:\Users\bland\.openjfx\cache\21+31\amd64\api-ms-win-core-string-l1-1-0.dll
0x000002342b9c0000 - 0x000002342b9c3000 	C:\Users\bland\.openjfx\cache\21+31\amd64\api-ms-win-core-synch-l1-1-0.dll
0x000002342b9d0000 - 0x000002342b9d3000 	C:\Users\bland\.openjfx\cache\21+31\amd64\api-ms-win-core-synch-l1-2-0.dll
0x000002342b9e0000 - 0x000002342b9e3000 	C:\Users\bland\.openjfx\cache\21+31\amd64\api-ms-win-core-sysinfo-l1-1-0.dll
0x000002342b9f0000 - 0x000002342b9f3000 	C:\Users\bland\.openjfx\cache\21+31\amd64\api-ms-win-core-timezone-l1-1-0.dll
0x000002342ba00000 - 0x000002342ba03000 	C:\Users\bland\.openjfx\cache\21+31\amd64\api-ms-win-core-util-l1-1-0.dll
0x000002342ba10000 - 0x000002342ba13000 	C:\Users\bland\.openjfx\cache\21+31\amd64\api-ms-win-crt-conio-l1-1-0.dll
0x000002342ba20000 - 0x000002342ba24000 	C:\Users\bland\.openjfx\cache\21+31\amd64\api-ms-win-crt-convert-l1-1-0.dll
0x000002342ba30000 - 0x000002342ba33000 	C:\Users\bland\.openjfx\cache\21+31\amd64\api-ms-win-crt-environment-l1-1-0.dll
0x000002342ba40000 - 0x000002342ba43000 	C:\Users\bland\.openjfx\cache\21+31\amd64\api-ms-win-crt-filesystem-l1-1-0.dll
0x000002342ba50000 - 0x000002342ba53000 	C:\Users\bland\.openjfx\cache\21+31\amd64\api-ms-win-crt-heap-l1-1-0.dll
0x000002342ba60000 - 0x000002342ba63000 	C:\Users\bland\.openjfx\cache\21+31\amd64\api-ms-win-crt-locale-l1-1-0.dll
0x000002342ba70000 - 0x000002342ba75000 	C:\Users\bland\.openjfx\cache\21+31\amd64\api-ms-win-crt-math-l1-1-0.dll
0x000002342ba80000 - 0x000002342ba85000 	C:\Users\bland\.openjfx\cache\21+31\amd64\api-ms-win-crt-multibyte-l1-1-0.dll
0x000002342ba90000 - 0x000002342baa0000 	C:\Users\bland\.openjfx\cache\21+31\amd64\api-ms-win-crt-private-l1-1-0.dll
0x000002342baa0000 - 0x000002342baa3000 	C:\Users\bland\.openjfx\cache\21+31\amd64\api-ms-win-crt-process-l1-1-0.dll
0x000002342bab0000 - 0x000002342bab4000 	C:\Users\bland\.openjfx\cache\21+31\amd64\api-ms-win-crt-runtime-l1-1-0.dll
0x000002342bac0000 - 0x000002342bac4000 	C:\Users\bland\.openjfx\cache\21+31\amd64\api-ms-win-crt-stdio-l1-1-0.dll
0x000002342bad0000 - 0x000002342bad4000 	C:\Users\bland\.openjfx\cache\21+31\amd64\api-ms-win-crt-string-l1-1-0.dll
0x000002342bae0000 - 0x000002342bae3000 	C:\Users\bland\.openjfx\cache\21+31\amd64\api-ms-win-crt-time-l1-1-0.dll
0x000002342baf0000 - 0x000002342baf3000 	C:\Users\bland\.openjfx\cache\21+31\amd64\api-ms-win-crt-utility-l1-1-0.dll
0x00007ffa013e0000 - 0x00007ffa014dc000 	C:\Users\bland\.openjfx\cache\21+31\amd64\ucrtbase.dll
0x00007ffa2ed60000 - 0x00007ffa2ed7b000 	C:\Users\bland\.openjfx\cache\21+31\amd64\vcruntime140.dll
0x00007ffa3bd20000 - 0x00007ffa3bd2c000 	C:\Users\bland\.openjfx\cache\21+31\amd64\vcruntime140_1.dll
0x00007ffa081b0000 - 0x00007ffa0823e000 	C:\Users\bland\.openjfx\cache\21+31\amd64\msvcp140.dll
0x00007ffa5f0a0000 - 0x00007ffa5f237000 	C:\WINDOWS\System32\ole32.dll
0x00007ffa3bc90000 - 0x00007ffa3bc99000 	C:\Users\bland\.openjfx\cache\21+31\amd64\msvcp140_1.dll
0x00007ffa2c6e0000 - 0x00007ffa2c70f000 	C:\Users\bland\.openjfx\cache\21+31\amd64\msvcp140_2.dll
0x00007ffa2c360000 - 0x00007ffa2c38f000 	C:\Users\bland\.openjfx\cache\21+31\amd64\prism_d3d.dll
0x00007ffa12880000 - 0x00007ffa12a33000 	C:\WINDOWS\system32\d3d9.dll
0x00007ffa599e0000 - 0x00007ffa59a0f000 	C:\WINDOWS\SYSTEM32\dwmapi.dll
0x00007ffa59a30000 - 0x00007ffa59a75000 	C:\WINDOWS\SYSTEM32\dxcore.dll
0x00007ffa59790000 - 0x00007ffa5983a000 	C:\WINDOWS\system32\uxtheme.dll
0x00007ffa2f570000 - 0x00007ffa2f630000 	C:\WINDOWS\SYSTEM32\d3d9on12.dll
0x00007ffa59870000 - 0x00007ffa599ae000 	C:\WINDOWS\SYSTEM32\dxgi.dll
0x00007ffa1a130000 - 0x00007ffa1a155000 	C:\WINDOWS\SYSTEM32\d3d12.dll
0x00007ffa5bd40000 - 0x00007ffa5bd91000 	C:\WINDOWS\SYSTEM32\cfgmgr32.dll
0x00007ff9e48d0000 - 0x00007ff9e4c28000 	C:\WINDOWS\SYSTEM32\D3D12Core.dll
0x00007ffa27da0000 - 0x00007ffa27ea7000 	C:\WINDOWS\System32\DriverStore\FileRepository\iigd_dch.inf_amd64_80590711807ad49f\igd12umd64.dll
0x00007ff9c95c0000 - 0x00007ff9ca4c5000 	C:\WINDOWS\System32\DriverStore\FileRepository\iigd_dch.inf_amd64_80590711807ad49f\igd12um64xel.dll
0x00007ffa5c1e0000 - 0x00007ffa5c358000 	C:\WINDOWS\System32\CRYPT32.dll
0x00007ffa5c0a0000 - 0x00007ffa5c0ca000 	C:\WINDOWS\SYSTEM32\bcrypt.dll
0x00007ffa066f0000 - 0x00007ffa0673e000 	C:\WINDOWS\SYSTEM32\ControlLib.dll
0x00007ffa503f0000 - 0x00007ffa5047b000 	C:\WINDOWS\System32\DriverStore\FileRepository\iigd_dch.inf_amd64_80590711807ad49f\IntelControlLib.dll
0x00007ffa5e4c0000 - 0x00007ffa5e947000 	C:\WINDOWS\System32\SETUPAPI.dll
0x00007ffa5bcf0000 - 0x00007ffa5bd1d000 	C:\WINDOWS\SYSTEM32\DEVOBJ.dll
0x00007ffa5cde0000 - 0x00007ffa5ce62000 	C:\WINDOWS\System32\WINTRUST.dll
0x00007ffa5b800000 - 0x00007ffa5b813000 	C:\WINDOWS\SYSTEM32\MSASN1.dll
0x00007ffa56af0000 - 0x00007ffa56b51000 	C:\WINDOWS\SYSTEM32\directxdatabasehelper.dll
0x00007ffa4fbc0000 - 0x00007ffa4fff8000 	C:\WINDOWS\System32\DriverStore\FileRepository\iigd_dch.inf_amd64_80590711807ad49f\igdgmm64.dll
0x00007ffa4b850000 - 0x00007ffa4f6fd000 	C:\WINDOWS\System32\DriverStore\FileRepository\iigd_dch.inf_amd64_80590711807ad49f\igc64.dll
0x00007ff9b86c0000 - 0x00007ff9b87a5000 	C:\WINDOWS\SYSTEM32\D3DSCache.dll
0x00007ffa5b560000 - 0x00007ffa5b593000 	C:\WINDOWS\SYSTEM32\USERENV.dll
0x000002342bd00000 - 0x000002342bffc000 	C:\WINDOWS\System32\DriverStore\FileRepository\iigd_dch.inf_amd64_80590711807ad49f\igd12dxva64.dll
0x00007ff9e2bc0000 - 0x00007ff9e3da3000 	C:\WINDOWS\System32\DriverStore\FileRepository\iigd_dch.inf_amd64_80590711807ad49f\igddxvacommon64.dll
0x00007ff9dda10000 - 0x00007ff9df731000 	C:\WINDOWS\System32\DriverStore\FileRepository\iigd_dch.inf_amd64_80590711807ad49f\media_bin_64.dll
0x00007ff9e5160000 - 0x00007ff9e5187000 	C:\WINDOWS\System32\DriverStore\FileRepository\iigd_dch.inf_amd64_80590711807ad49f\igdinfo64.dll
0x00007ffa0da90000 - 0x00007ffa0dad2000 	C:\Users\bland\.openjfx\cache\21+31\amd64\glass.dll
0x00007ffa5ea60000 - 0x00007ffa5eb50000 	C:\WINDOWS\System32\COMDLG32.dll
0x00007ffa5df30000 - 0x00007ffa5e08c000 	C:\WINDOWS\System32\MSCTF.dll
0x00007ffa2e8d0000 - 0x00007ffa2e8e4000 	C:\Users\bland\.openjfx\cache\21+31\amd64\javafx_font.dll
0x00007ffa57fe0000 - 0x00007ffa58247000 	C:\WINDOWS\SYSTEM32\dwrite.dll

JVMTI agents: none

dbghelp: loaded successfully - version: 4.0.5 - missing functions: none
symbol engine: initialized successfully - sym options: 0x614 - pdb path: .;C:\Users\bland\.jdks\ms-21.0.11\bin;C:\WINDOWS\SYSTEM32;C:\Program Files\Avast Software\Avast;C:\WINDOWS\WinSxS\amd64_microsoft.windows.common-controls_6595b64144ccf1df_6.0.26100.8457_none_3e0b2faee331e92d;C:\Users\bland\.jdks\ms-21.0.11\bin\server;C:\Users\bland\.openjfx\cache\21+31\amd64;C:\WINDOWS\System32\DriverStore\FileRepository\iigd_dch.inf_amd64_80590711807ad49f;C:\Program Files\Common Files\Microsoft Shared\Ink

VM Arguments:
jvm_args: --module-path=C:\Users\bland\.m2\repository\org\openjfx\javafx-base\21\javafx-base-21-win.jar;C:\Users\bland\.m2\repository\org\openjfx\javafx-base\21\javafx-base-21.jar;C:\Users\bland\.m2\repository\org\openjfx\javafx-controls\21\javafx-controls-21-win.jar;C:\Users\bland\.m2\repository\org\openjfx\javafx-controls\21\javafx-controls-21.jar;C:\Users\bland\.m2\repository\org\openjfx\javafx-fxml\21\javafx-fxml-21-win.jar;C:\Users\bland\.m2\repository\org\openjfx\javafx-fxml\21\javafx-fxml-21.jar;C:\Users\bland\.m2\repository\org\openjfx\javafx-graphics\21\javafx-graphics-21-win.jar;C:\Users\bland\.m2\repository\org\openjfx\javafx-graphics\21\javafx-graphics-21.jar --add-modules=javafx.base,javafx.controls,javafx.fxml,javafx.graphics 
java_command: app.Main
java_class_path (initial): C:\Users\bland\SAE_dev\Sauvez-Racoutou\target\classes
Launcher Type: SUN_STANDARD

[Global flags]
     intx CICompilerCount                          = 4                                         {product} {ergonomic}
     uint ConcGCThreads                            = 3                                         {product} {ergonomic}
     uint G1ConcRefinementThreads                  = 10                                        {product} {ergonomic}
   size_t G1HeapRegionSize                         = 2097152                                   {product} {ergonomic}
    uintx GCDrainStackTargetSize                   = 64                                        {product} {ergonomic}
   size_t InitialHeapSize                          = 264241152                                 {product} {ergonomic}
   size_t MarkStackSize                            = 4194304                                   {product} {ergonomic}
   size_t MaxHeapSize                              = 4208984064                                {product} {ergonomic}
   size_t MaxNewSize                               = 2524971008                                {product} {ergonomic}
   size_t MinHeapDeltaBytes                        = 2097152                                   {product} {ergonomic}
   size_t MinHeapSize                              = 8388608                                   {product} {ergonomic}
    uintx NonNMethodCodeHeapSize                   = 5839372                                {pd product} {ergonomic}
    uintx NonProfiledCodeHeapSize                  = 122909434                              {pd product} {ergonomic}
    uintx ProfiledCodeHeapSize                     = 122909434                              {pd product} {ergonomic}
    uintx ReservedCodeCacheSize                    = 251658240                              {pd product} {ergonomic}
     bool SegmentedCodeCache                       = true                                      {product} {ergonomic}
   size_t SoftMaxHeapSize                          = 4208984064                             {manageable} {ergonomic}
     bool UseCompressedOops                        = true                           {product lp64_product} {ergonomic}
     bool UseG1GC                                  = true                                      {product} {ergonomic}
     bool UseLargePagesIndividualAllocation        = false                                  {pd product} {ergonomic}

Logging:
Log output configuration:
 #0: stdout all=warning uptime,level,tags foldmultilines=false
 #1: stderr all=off uptime,level,tags foldmultilines=false

Release file:
IMPLEMENTOR="Microsoft" 
IMPLEMENTOR_VERSION="Microsoft-13877171" 
JAVA_RUNTIME_VERSION="21.0.11+10-LTS" 
JAVA_VERSION="21.0.11" 
JAVA_VERSION_DATE="2026-04-21" 
LIBC="default" 
MODULES="java.base java.compiler java.datatransfer java.xml java.prefs java.desktop java.instrument java.logging java.management java.security.sasl java.naming java.rmi java.management.rmi java.net.http java.scripting java.security.jgss java.transaction.xa java.sql java.sql.rowset java.xml.crypto java.se java.smartcardio jdk.accessibility jdk.internal.jvmstat jdk.attach jdk.charsets jdk.internal.opt jdk.zipfs jdk.compiler jdk.crypto.ec jdk.crypto.cryptoki jdk.crypto.mscapi jdk.dynalink jdk.internal.ed jdk.editpad jdk.hotspot.agent jdk.httpserver jdk.incubator.vector jdk.internal.le jdk.internal.vm.ci jdk.internal.vm.compiler jdk.internal.vm.compiler.management jdk.jartool jdk.javadoc jdk.jcmd jdk.management jdk.management.agent jdk.jconsole jdk.jdeps jdk.jdwp.agent jdk.jdi jdk.jfr jdk.jlink jdk.jpackage jdk.jshell jdk.jsobject jdk.jstatd jdk.localedata jdk.management.jfr jdk.naming.dns jdk.naming.rmi jdk.net jdk.nio.mapmode jdk.random jdk.sctp jdk.security.auth jdk.security.jgss jdk.unsupported jdk.unsupported.desktop jdk.xml.dom" 
OS_ARCH="x86_64" 
OS_NAME="Windows" 
SOURCE=".:git:87e312d67249" 

Environment Variables:
JAVA_HOME=C:\Users\bland\.jdks\ms-21.0.11
PATH=C:\Program Files\FireDaemon OpenSSL 3\bin\;C:\Program Files\Common Files\Oracle\Java\javapath;C:\Program Files (x86)\Common Files\Oracle\Java\javapath;C:\WINDOWS\system32;C:\WINDOWS;C:\WINDOWS\System32\Wbem;C:\WINDOWS\System32\WindowsPowerShell\v1.0\;C:\WINDOWS\System32\OpenSSH\;C:\Program Files\dotnet\;C:\Users\bland\AppData\Local\Muse Hub\lib;C:\Program Files\Certbot\bin;C:\Program Files\Git\cmd;C:\Python\Scripts\;C:\Python\;C:\Users\bland\AppData\Local\Programs\Python\Launcher\;C:\Users\bland\AppData\Local\Microsoft\WindowsApps;C:\Program Files\JetBrains\IntelliJ IDEA 2025.2.3\bin;C:\Users\bland\AppData\Local\Muse Hub\lib
USERNAME=bland
OS=Windows_NT
PROCESSOR_IDENTIFIER=Intel64 Family 6 Model 154 Stepping 4, GenuineIntel
TMP=C:\Users\bland\AppData\Local\Temp
TEMP=C:\Users\bland\AppData\Local\Temp




Periodic native trim disabled

---------------  S Y S T E M  ---------------

OS:
 Windows 11 , 64 bit Build 26100 (10.0.26100.8328)
OS uptime: 16 days 1:48 hours
Hyper-V role detected

CPU: total 12 (initial active 12) (6 cores per cpu, 2 threads per core) family 6 model 154 stepping 4 microcode 0x437, cx8, cmov, fxsr, ht, mmx, 3dnowpref, sse, sse2, sse3, ssse3, sse4.1, sse4.2, popcnt, lzcnt, tsc, tscinvbit, avx, avx2, aes, erms, clmul, bmi1, bmi2, adx, sha, fma, vzeroupper, clflush, clflushopt, clwb, hv, serialize, rdtscp, rdpid, fsrm, f16c, cet_ibt, cet_ss
Processor Information for the first 12 processors :
  Max Mhz: 1300, Current Mhz: 1300, Mhz Limit: 1300

Memory: 4k page, system-wide physical 16052M (855M free)
TotalPageFile size 65204M (AvailPageFile size 57M)
current process WorkingSet (physical memory assigned to process): 672M, peak: 679M
current process commit charge ("private bytes"): 808M, peak: 887M

vm_info: OpenJDK 64-Bit Server VM (21.0.11+10-LTS) for windows-amd64 JRE (21.0.11+10-LTS), built on 2026-04-18T18:13:49Z by "MicrosoftCorporation" with MS VC++ 17.14 (VS2022)

END.
